<?xml version="1.0" encoding="UTF-8"?>
<testsuite xmlns:xsi="http://www.w3.org/2001/XMLSchema-instance" xsi:noNamespaceSchemaLocation="https://maven.apache.org/surefire/maven-surefire-plugin/xsd/surefire-test-report-3.0.xsd" version="3.0" name="org.springframework.samples.petclinic.MySqlIntegrationTests" time="50.353" tests="2" errors="0" skipped="0" failures="0">
  <properties>
    <property name="git.tags" value=""/>
    <property name="java.specification.version" value="17"/>
    <property name="sun.jnu.encoding" value="UTF-8"/>
    <property name="git.build.version" value="3.2.0-SNAPSHOT"/>
    <property name="java.class.path" value="/Users/jungkyoungsik/study/spring-petclinic/target/test-classes:/Users/jungkyoungsik/study/spring-petclinic/target/classes:/Users/jungkyoungsik/.m2/repository/org/springframework/boot/spring-boot-starter-actuator/3.2.1/spring-boot-starter-actuator-3.2.1.jar:/Users/jungkyoungsik/.m2/repository/org/springframework/boot/spring-boot-starter/3.2.1/spring-boot-starter-3.2.1.jar:/Users/jungkyoungsik/.m2/repository/org/springframework/boot/spring-boot-starter-logging/3.2.1/spring-boot-starter-logging-3.2.1.jar:/Users/jungkyoungsik/.m2/repository/ch/qos/logback/logback-classic/1.4.14/logback-classic-1.4.14.jar:/Users/jungkyoungsik/.m2/repository/ch/qos/logback/logback-core/1.4.14/logback-core-1.4.14.jar:/Users/jungkyoungsik/.m2/repository/org/apache/logging/log4j/log4j-to-slf4j/2.21.1/log4j-to-slf4j-2.21.1.jar:/Users/jungkyoungsik/.m2/repository/org/apache/logging/log4j/log4j-api/2.21.1/log4j-api-2.21.1.jar:/Users/jungkyoungsik/.m2/repository/org/slf4j/jul-to-slf4j/2.0.9/jul-to-slf4j-2.0.9.jar:/Users/jungkyoungsik/.m2/repository/jakarta/annotation/jakarta.annotation-api/2.1.1/jakarta.annotation-api-2.1.1.jar:/Users/jungkyoungsik/.m2/repository/org/yaml/snakeyaml/2.2/snakeyaml-2.2.jar:/Users/jungkyoungsik/.m2/repository/org/springframework/boot/spring-boot-actuator-autoconfigure/3.2.1/spring-boot-actuator-autoconfigure-3.2.1.jar:/Users/jungkyoungsik/.m2/repository/org/springframework/boot/spring-boot-actuator/3.2.1/spring-boot-actuator-3.2.1.jar:/Users/jungkyoungsik/.m2/repository/com/fasterxml/jackson/datatype/jackson-datatype-jsr310/2.15.3/jackson-datatype-jsr310-2.15.3.jar:/Users/jungkyoungsik/.m2/repository/io/micrometer/micrometer-observation/1.12.1/micrometer-observation-1.12.1.jar:/Users/jungkyoungsik/.m2/repository/io/micrometer/micrometer-commons/1.12.1/micrometer-commons-1.12.1.jar:/Users/jungkyoungsik/.m2/repository/io/micrometer/micrometer-jakarta9/1.12.1/micrometer-jakarta9-1.12.1.jar:/Users/jungkyoungsik/.m2/repository/io/micrometer/micrometer-core/1.12.1/micrometer-core-1.12.1.jar:/Users/jungkyoungsik/.m2/repository/org/hdrhistogram/HdrHistogram/2.1.12/HdrHistogram-2.1.12.jar:/Users/jungkyoungsik/.m2/repository/org/latencyutils/LatencyUtils/2.0.3/LatencyUtils-2.0.3.jar:/Users/jungkyoungsik/.m2/repository/org/springframework/boot/spring-boot-starter-cache/3.2.1/spring-boot-starter-cache-3.2.1.jar:/Users/jungkyoungsik/.m2/repository/org/springframework/spring-context-support/6.1.2/spring-context-support-6.1.2.jar:/Users/jungkyoungsik/.m2/repository/org/springframework/spring-beans/6.1.2/spring-beans-6.1.2.jar:/Users/jungkyoungsik/.m2/repository/org/springframework/spring-context/6.1.2/spring-context-6.1.2.jar:/Users/jungkyoungsik/.m2/repository/org/springframework/boot/spring-boot-starter-data-jpa/3.2.1/spring-boot-starter-data-jpa-3.2.1.jar:/Users/jungkyoungsik/.m2/repository/org/springframework/boot/spring-boot-starter-aop/3.2.1/spring-boot-starter-aop-3.2.1.jar:/Users/jungkyoungsik/.m2/repository/org/springframework/spring-aop/6.1.2/spring-aop-6.1.2.jar:/Users/jungkyoungsik/.m2/repository/org/aspectj/aspectjweaver/1.9.21/aspectjweaver-1.9.21.jar:/Users/jungkyoungsik/.m2/repository/org/springframework/boot/spring-boot-starter-jdbc/3.2.1/spring-boot-starter-jdbc-3.2.1.jar:/Users/jungkyoungsik/.m2/repository/com/zaxxer/HikariCP/5.0.1/HikariCP-5.0.1.jar:/Users/jungkyoungsik/.m2/repository/org/springframework/spring-jdbc/6.1.2/spring-jdbc-6.1.2.jar:/Users/jungkyoungsik/.m2/repository/org/hibernate/orm/hibernate-core/6.4.1.Final/hibernate-core-6.4.1.Final.jar:/Users/jungkyoungsik/.m2/repository/jakarta/persistence/jakarta.persistence-api/3.1.0/jakarta.persistence-api-3.1.0.jar:/Users/jungkyoungsik/.m2/repository/jakarta/transaction/jakarta.transaction-api/2.0.1/jakarta.transaction-api-2.0.1.jar:/Users/jungkyoungsik/.m2/repository/org/jboss/logging/jboss-logging/3.5.3.Final/jboss-logging-3.5.3.Final.jar:/Users/jungkyoungsik/.m2/repository/org/hibernate/common/hibernate-commons-annotations/6.0.6.Final/hibernate-commons-annotations-6.0.6.Final.jar:/Users/jungkyoungsik/.m2/repository/io/smallrye/jandex/3.1.2/jandex-3.1.2.jar:/Users/jungkyoungsik/.m2/repository/com/fasterxml/classmate/1.6.0/classmate-1.6.0.jar:/Users/jungkyoungsik/.m2/repository/net/bytebuddy/byte-buddy/1.14.10/byte-buddy-1.14.10.jar:/Users/jungkyoungsik/.m2/repository/org/glassfish/jaxb/jaxb-runtime/4.0.4/jaxb-runtime-4.0.4.jar:/Users/jungkyoungsik/.m2/repository/org/glassfish/jaxb/jaxb-core/4.0.4/jaxb-core-4.0.4.jar:/Users/jungkyoungsik/.m2/repository/org/eclipse/angus/angus-activation/2.0.1/angus-activation-2.0.1.jar:/Users/jungkyoungsik/.m2/repository/org/glassfish/jaxb/txw2/4.0.4/txw2-4.0.4.jar:/Users/jungkyoungsik/.m2/repository/com/sun/istack/istack-commons-runtime/4.1.2/istack-commons-runtime-4.1.2.jar:/Users/jungkyoungsik/.m2/repository/jakarta/inject/jakarta.inject-api/2.0.1/jakarta.inject-api-2.0.1.jar:/Users/jungkyoungsik/.m2/repository/org/antlr/antlr4-runtime/4.13.0/antlr4-runtime-4.13.0.jar:/Users/jungkyoungsik/.m2/repository/org/springframework/data/spring-data-jpa/3.2.1/spring-data-jpa-3.2.1.jar:/Users/jungkyoungsik/.m2/repository/org/springframework/data/spring-data-commons/3.2.1/spring-data-commons-3.2.1.jar:/Users/jungkyoungsik/.m2/repository/org/springframework/spring-orm/6.1.2/spring-orm-6.1.2.jar:/Users/jungkyoungsik/.m2/repository/org/springframework/spring-tx/6.1.2/spring-tx-6.1.2.jar:/Users/jungkyoungsik/.m2/repository/org/slf4j/slf4j-api/2.0.9/slf4j-api-2.0.9.jar:/Users/jungkyoungsik/.m2/repository/org/springframework/spring-aspects/6.1.2/spring-aspects-6.1.2.jar:/Users/jungkyoungsik/.m2/repository/org/springframework/boot/spring-boot-starter-web/3.2.1/spring-boot-starter-web-3.2.1.jar:/Users/jungkyoungsik/.m2/repository/org/springframework/boot/spring-boot-starter-json/3.2.1/spring-boot-starter-json-3.2.1.jar:/Users/jungkyoungsik/.m2/repository/com/fasterxml/jackson/datatype/jackson-datatype-jdk8/2.15.3/jackson-datatype-jdk8-2.15.3.jar:/Users/jungkyoungsik/.m2/repository/org/springframework/boot/spring-boot-starter-tomcat/3.2.1/spring-boot-starter-tomcat-3.2.1.jar:/Users/jungkyoungsik/.m2/repository/org/apache/tomcat/embed/tomcat-embed-core/10.1.17/tomcat-embed-core-10.1.17.jar:/Users/jungkyoungsik/.m2/repository/org/apache/tomcat/embed/tomcat-embed-websocket/10.1.17/tomcat-embed-websocket-10.1.17.jar:/Users/jungkyoungsik/.m2/repository/org/springframework/spring-web/6.1.2/spring-web-6.1.2.jar:/Users/jungkyoungsik/.m2/repository/org/springframework/spring-webmvc/6.1.2/spring-webmvc-6.1.2.jar:/Users/jungkyoungsik/.m2/repository/org/springframework/spring-expression/6.1.2/spring-expression-6.1.2.jar:/Users/jungkyoungsik/.m2/repository/org/springframework/boot/spring-boot-starter-validation/3.2.1/spring-boot-starter-validation-3.2.1.jar:/Users/jungkyoungsik/.m2/repository/org/apache/tomcat/embed/tomcat-embed-el/10.1.17/tomcat-embed-el-10.1.17.jar:/Users/jungkyoungsik/.m2/repository/org/hibernate/validator/hibernate-validator/8.0.1.Final/hibernate-validator-8.0.1.Final.jar:/Users/jungkyoungsik/.m2/repository/jakarta/validation/jakarta.validation-api/3.0.2/jakarta.validation-api-3.0.2.jar:/Users/jungkyoungsik/.m2/repository/org/springframework/boot/spring-boot-starter-thymeleaf/3.2.1/spring-boot-starter-thymeleaf-3.2.1.jar:/Users/jungkyoungsik/.m2/repository/org/thymeleaf/thymeleaf-spring6/3.1.2.RELEASE/thymeleaf-spring6-3.1.2.RELEASE.jar:/Users/jungkyoungsik/.m2/repository/org/thymeleaf/thymeleaf/3.1.2.RELEASE/thymeleaf-3.1.2.RELEASE.jar:/Users/jungkyoungsik/.m2/repository/org/attoparser/attoparser/2.0.7.RELEASE/attoparser-2.0.7.RELEASE.jar:/Users/jungkyoungsik/.m2/repository/org/unbescape/unbescape/1.1.6.RELEASE/unbescape-1.1.6.RELEASE.jar:/Users/jungkyoungsik/.m2/repository/org/springframework/boot/spring-boot-starter-test/3.2.1/spring-boot-starter-test-3.2.1.jar:/Users/jungkyoungsik/.m2/repository/org/springframework/boot/spring-boot-test/3.2.1/spring-boot-test-3.2.1.jar:/Users/jungkyoungsik/.m2/repository/org/springframework/boot/spring-boot-test-autoconfigure/3.2.1/spring-boot-test-autoconfigure-3.2.1.jar:/Users/jungkyoungsik/.m2/repository/com/jayway/jsonpath/json-path/2.8.0/json-path-2.8.0.jar:/Users/jungkyoungsik/.m2/repository/net/minidev/json-smart/2.5.0/json-smart-2.5.0.jar:/Users/jungkyoungsik/.m2/repository/net/minidev/accessors-smart/2.5.0/accessors-smart-2.5.0.jar:/Users/jungkyoungsik/.m2/repository/org/ow2/asm/asm/9.3/asm-9.3.jar:/Users/jungkyoungsik/.m2/repository/org/assertj/assertj-core/3.24.2/assertj-core-3.24.2.jar:/Users/jungkyoungsik/.m2/repository/org/awaitility/awaitility/4.2.0/awaitility-4.2.0.jar:/Users/jungkyoungsik/.m2/repository/org/hamcrest/hamcrest/2.2/hamcrest-2.2.jar:/Users/jungkyoungsik/.m2/repository/org/junit/jupiter/junit-jupiter/5.10.1/junit-jupiter-5.10.1.jar:/Users/jungkyoungsik/.m2/repository/org/junit/jupiter/junit-jupiter-api/5.10.1/junit-jupiter-api-5.10.1.jar:/Users/jungkyoungsik/.m2/repository/org/opentest4j/opentest4j/1.3.0/opentest4j-1.3.0.jar:/Users/jungkyoungsik/.m2/repository/org/junit/platform/junit-platform-commons/1.10.1/junit-platform-commons-1.10.1.jar:/Users/jungkyoungsik/.m2/repository/org/apiguardian/apiguardian-api/1.1.2/apiguardian-api-1.1.2.jar:/Users/jungkyoungsik/.m2/repository/org/junit/jupiter/junit-jupiter-params/5.10.1/junit-jupiter-params-5.10.1.jar:/Users/jungkyoungsik/.m2/repository/org/junit/jupiter/junit-jupiter-engine/5.10.1/junit-jupiter-engine-5.10.1.jar:/Users/jungkyoungsik/.m2/repository/org/junit/platform/junit-platform-engine/1.10.1/junit-platform-engine-1.10.1.jar:/Users/jungkyoungsik/.m2/repository/org/mockito/mockito-core/5.7.0/mockito-core-5.7.0.jar:/Users/jungkyoungsik/.m2/repository/net/bytebuddy/byte-buddy-agent/1.14.10/byte-buddy-agent-1.14.10.jar:/Users/jungkyoungsik/.m2/repository/org/objenesis/objenesis/3.3/objenesis-3.3.jar:/Users/jungkyoungsik/.m2/repository/org/mockito/mockito-junit-jupiter/5.7.0/mockito-junit-jupiter-5.7.0.jar:/Users/jungkyoungsik/.m2/repository/org/skyscreamer/jsonassert/1.5.1/jsonassert-1.5.1.jar:/Users/jungkyoungsik/.m2/repository/com/vaadin/external/google/android-json/0.0.20131108.vaadin1/android-json-0.0.20131108.vaadin1.jar:/Users/jungkyoungsik/.m2/repository/org/springframework/spring-core/6.1.2/spring-core-6.1.2.jar:/Users/jungkyoungsik/.m2/repository/org/springframework/spring-jcl/6.1.2/spring-jcl-6.1.2.jar:/Users/jungkyoungsik/.m2/repository/org/springframework/spring-test/6.1.2/spring-test-6.1.2.jar:/Users/jungkyoungsik/.m2/repository/org/xmlunit/xmlunit-core/2.9.1/xmlunit-core-2.9.1.jar:/Users/jungkyoungsik/.m2/repository/com/h2database/h2/2.2.224/h2-2.2.224.jar:/Users/jungkyoungsik/.m2/repository/com/mysql/mysql-connector-j/8.1.0/mysql-connector-j-8.1.0.jar:/Users/jungkyoungsik/.m2/repository/org/postgresql/postgresql/42.6.0/postgresql-42.6.0.jar:/Users/jungkyoungsik/.m2/repository/org/checkerframework/checker-qual/3.31.0/checker-qual-3.31.0.jar:/Users/jungkyoungsik/.m2/repository/javax/cache/cache-api/1.1.1/cache-api-1.1.1.jar:/Users/jungkyoungsik/.m2/repository/com/github/ben-manes/caffeine/caffeine/3.1.8/caffeine-3.1.8.jar:/Users/jungkyoungsik/.m2/repository/com/google/errorprone/error_prone_annotations/2.21.1/error_prone_annotations-2.21.1.jar:/Users/jungkyoungsik/.m2/repository/org/webjars/npm/bootstrap/5.3.2/bootstrap-5.3.2.jar:/Users/jungkyoungsik/.m2/repository/org/webjars/npm/font-awesome/4.7.0/font-awesome-4.7.0.jar:/Users/jungkyoungsik/.m2/repository/org/springframework/boot/spring-boot-devtools/3.2.1/spring-boot-devtools-3.2.1.jar:/Users/jungkyoungsik/.m2/repository/org/springframework/boot/spring-boot/3.2.1/spring-boot-3.2.1.jar:/Users/jungkyoungsik/.m2/repository/org/springframework/boot/spring-boot-autoconfigure/3.2.1/spring-boot-autoconfigure-3.2.1.jar:/Users/jungkyoungsik/.m2/repository/org/springframework/boot/spring-boot-testcontainers/3.2.1/spring-boot-testcontainers-3.2.1.jar:/Users/jungkyoungsik/.m2/repository/org/testcontainers/testcontainers/1.19.3/testcontainers-1.19.3.jar:/Users/jungkyoungsik/.m2/repository/junit/junit/4.13.2/junit-4.13.2.jar:/Users/jungkyoungsik/.m2/repository/org/hamcrest/hamcrest-core/2.2/hamcrest-core-2.2.jar:/Users/jungkyoungsik/.m2/repository/org/apache/commons/commons-compress/1.24.0/commons-compress-1.24.0.jar:/Users/jungkyoungsik/.m2/repository/org/rnorth/duct-tape/duct-tape/1.0.8/duct-tape-1.0.8.jar:/Users/jungkyoungsik/.m2/repository/org/jetbrains/annotations/17.0.0/annotations-17.0.0.jar:/Users/jungkyoungsik/.m2/repository/com/github/docker-java/docker-java-api/3.3.4/docker-java-api-3.3.4.jar:/Users/jungkyoungsik/.m2/repository/com/github/docker-java/docker-java-transport-zerodep/3.3.4/docker-java-transport-zerodep-3.3.4.jar:/Users/jungkyoungsik/.m2/repository/com/github/docker-java/docker-java-transport/3.3.4/docker-java-transport-3.3.4.jar:/Users/jungkyoungsik/.m2/repository/net/java/dev/jna/jna/5.13.0/jna-5.13.0.jar:/Users/jungkyoungsik/.m2/repository/org/springframework/boot/spring-boot-docker-compose/3.2.1/spring-boot-docker-compose-3.2.1.jar:/Users/jungkyoungsik/.m2/repository/com/fasterxml/jackson/core/jackson-databind/2.15.3/jackson-databind-2.15.3.jar:/Users/jungkyoungsik/.m2/repository/com/fasterxml/jackson/core/jackson-annotations/2.15.3/jackson-annotations-2.15.3.jar:/Users/jungkyoungsik/.m2/repository/com/fasterxml/jackson/core/jackson-core/2.15.3/jackson-core-2.15.3.jar:/Users/jungkyoungsik/.m2/repository/com/fasterxml/jackson/module/jackson-module-parameter-names/2.15.3/jackson-module-parameter-names-2.15.3.jar:/Users/jungkyoungsik/.m2/repository/org/testcontainers/junit-jupiter/1.19.3/junit-jupiter-1.19.3.jar:/Users/jungkyoungsik/.m2/repository/org/testcontainers/mysql/1.19.3/mysql-1.19.3.jar:/Users/jungkyoungsik/.m2/repository/org/testcontainers/jdbc/1.19.3/jdbc-1.19.3.jar:/Users/jungkyoungsik/.m2/repository/org/testcontainers/database-commons/1.19.3/database-commons-1.19.3.jar:/Users/jungkyoungsik/.m2/repository/jakarta/xml/bind/jakarta.xml.bind-api/4.0.1/jakarta.xml.bind-api-4.0.1.jar:/Users/jungkyoungsik/.m2/repository/jakarta/activation/jakarta.activation-api/2.1.2/jakarta.activation-api-2.1.2.jar:"/>
    <property name="git.branch" value="main"/>
    <property name="git.build.host" value="JUNGnoMacBook-Air.local"/>
    <property name="java.vm.vendor" value="Homebrew"/>
    <property name="sun.arch.data.model" value="64"/>
    <property name="git.commit.id" value="516722647ae474746a84c197127e323135907d57"/>
    <property name="java.vendor.url" value="https://github.com/Homebrew/homebrew-core/issues"/>
    <property name="catalina.useNaming" value="false"/>
    <property name="user.timezone" value="Asia/Tokyo"/>
    <property name="org.jboss.logging.provider" value="slf4j"/>
    <property name="java.vm.specification.version" value="17"/>
    <property name="os.name" value="Mac OS X"/>
    <property name="git.commit.author.time" value="2024-02-29T19:15:20+0900"/>
    <property name="sun.java.launcher" value="SUN_STANDARD"/>
    <property name="user.country" value="JP"/>
    <property name="git.build.user.name" value="JUNG KYOUNGSIK"/>
    <property name="sun.boot.library.path" value="/opt/homebrew/Cellar/openjdk@17/17.0.10/libexec/openjdk.jdk/Contents/Home/lib"/>
    <property name="sun.java.command" value="/Users/jungkyoungsik/study/spring-petclinic/target/surefire/surefirebooter-20240303233952214_3.jar /Users/jungkyoungsik/study/spring-petclinic/target/surefire 2024-03-03T23-39-48_149-jvmRun1 surefire-20240303233952214_1tmp surefire_0-20240303233952214_2tmp"/>
    <property name="http.nonProxyHosts" value="local|*.local|169.254/16|*.169.254/16"/>
    <property name="jdk.debug" value="release"/>
    <property name="surefire.test.class.path" value="/Users/jungkyoungsik/study/spring-petclinic/target/test-classes:/Users/jungkyoungsik/study/spring-petclinic/target/classes:/Users/jungkyoungsik/.m2/repository/org/springframework/boot/spring-boot-starter-actuator/3.2.1/spring-boot-starter-actuator-3.2.1.jar:/Users/jungkyoungsik/.m2/repository/org/springframework/boot/spring-boot-starter/3.2.1/spring-boot-starter-3.2.1.jar:/Users/jungkyoungsik/.m2/repository/org/springframework/boot/spring-boot-starter-logging/3.2.1/spring-boot-starter-logging-3.2.1.jar:/Users/jungkyoungsik/.m2/repository/ch/qos/logback/logback-classic/1.4.14/logback-classic-1.4.14.jar:/Users/jungkyoungsik/.m2/repository/ch/qos/logback/logback-core/1.4.14/logback-core-1.4.14.jar:/Users/jungkyoungsik/.m2/repository/org/apache/logging/log4j/log4j-to-slf4j/2.21.1/log4j-to-slf4j-2.21.1.jar:/Users/jungkyoungsik/.m2/repository/org/apache/logging/log4j/log4j-api/2.21.1/log4j-api-2.21.1.jar:/Users/jungkyoungsik/.m2/repository/org/slf4j/jul-to-slf4j/2.0.9/jul-to-slf4j-2.0.9.jar:/Users/jungkyoungsik/.m2/repository/jakarta/annotation/jakarta.annotation-api/2.1.1/jakarta.annotation-api-2.1.1.jar:/Users/jungkyoungsik/.m2/repository/org/yaml/snakeyaml/2.2/snakeyaml-2.2.jar:/Users/jungkyoungsik/.m2/repository/org/springframework/boot/spring-boot-actuator-autoconfigure/3.2.1/spring-boot-actuator-autoconfigure-3.2.1.jar:/Users/jungkyoungsik/.m2/repository/org/springframework/boot/spring-boot-actuator/3.2.1/spring-boot-actuator-3.2.1.jar:/Users/jungkyoungsik/.m2/repository/com/fasterxml/jackson/datatype/jackson-datatype-jsr310/2.15.3/jackson-datatype-jsr310-2.15.3.jar:/Users/jungkyoungsik/.m2/repository/io/micrometer/micrometer-observation/1.12.1/micrometer-observation-1.12.1.jar:/Users/jungkyoungsik/.m2/repository/io/micrometer/micrometer-commons/1.12.1/micrometer-commons-1.12.1.jar:/Users/jungkyoungsik/.m2/repository/io/micrometer/micrometer-jakarta9/1.12.1/micrometer-jakarta9-1.12.1.jar:/Users/jungkyoungsik/.m2/repository/io/micrometer/micrometer-core/1.12.1/micrometer-core-1.12.1.jar:/Users/jungkyoungsik/.m2/repository/org/hdrhistogram/HdrHistogram/2.1.12/HdrHistogram-2.1.12.jar:/Users/jungkyoungsik/.m2/repository/org/latencyutils/LatencyUtils/2.0.3/LatencyUtils-2.0.3.jar:/Users/jungkyoungsik/.m2/repository/org/springframework/boot/spring-boot-starter-cache/3.2.1/spring-boot-starter-cache-3.2.1.jar:/Users/jungkyoungsik/.m2/repository/org/springframework/spring-context-support/6.1.2/spring-context-support-6.1.2.jar:/Users/jungkyoungsik/.m2/repository/org/springframework/spring-beans/6.1.2/spring-beans-6.1.2.jar:/Users/jungkyoungsik/.m2/repository/org/springframework/spring-context/6.1.2/spring-context-6.1.2.jar:/Users/jungkyoungsik/.m2/repository/org/springframework/boot/spring-boot-starter-data-jpa/3.2.1/spring-boot-starter-data-jpa-3.2.1.jar:/Users/jungkyoungsik/.m2/repository/org/springframework/boot/spring-boot-starter-aop/3.2.1/spring-boot-starter-aop-3.2.1.jar:/Users/jungkyoungsik/.m2/repository/org/springframework/spring-aop/6.1.2/spring-aop-6.1.2.jar:/Users/jungkyoungsik/.m2/repository/org/aspectj/aspectjweaver/1.9.21/aspectjweaver-1.9.21.jar:/Users/jungkyoungsik/.m2/repository/org/springframework/boot/spring-boot-starter-jdbc/3.2.1/spring-boot-starter-jdbc-3.2.1.jar:/Users/jungkyoungsik/.m2/repository/com/zaxxer/HikariCP/5.0.1/HikariCP-5.0.1.jar:/Users/jungkyoungsik/.m2/repository/org/springframework/spring-jdbc/6.1.2/spring-jdbc-6.1.2.jar:/Users/jungkyoungsik/.m2/repository/org/hibernate/orm/hibernate-core/6.4.1.Final/hibernate-core-6.4.1.Final.jar:/Users/jungkyoungsik/.m2/repository/jakarta/persistence/jakarta.persistence-api/3.1.0/jakarta.persistence-api-3.1.0.jar:/Users/jungkyoungsik/.m2/repository/jakarta/transaction/jakarta.transaction-api/2.0.1/jakarta.transaction-api-2.0.1.jar:/Users/jungkyoungsik/.m2/repository/org/jboss/logging/jboss-logging/3.5.3.Final/jboss-logging-3.5.3.Final.jar:/Users/jungkyoungsik/.m2/repository/org/hibernate/common/hibernate-commons-annotations/6.0.6.Final/hibernate-commons-annotations-6.0.6.Final.jar:/Users/jungkyoungsik/.m2/repository/io/smallrye/jandex/3.1.2/jandex-3.1.2.jar:/Users/jungkyoungsik/.m2/repository/com/fasterxml/classmate/1.6.0/classmate-1.6.0.jar:/Users/jungkyoungsik/.m2/repository/net/bytebuddy/byte-buddy/1.14.10/byte-buddy-1.14.10.jar:/Users/jungkyoungsik/.m2/repository/org/glassfish/jaxb/jaxb-runtime/4.0.4/jaxb-runtime-4.0.4.jar:/Users/jungkyoungsik/.m2/repository/org/glassfish/jaxb/jaxb-core/4.0.4/jaxb-core-4.0.4.jar:/Users/jungkyoungsik/.m2/repository/org/eclipse/angus/angus-activation/2.0.1/angus-activation-2.0.1.jar:/Users/jungkyoungsik/.m2/repository/org/glassfish/jaxb/txw2/4.0.4/txw2-4.0.4.jar:/Users/jungkyoungsik/.m2/repository/com/sun/istack/istack-commons-runtime/4.1.2/istack-commons-runtime-4.1.2.jar:/Users/jungkyoungsik/.m2/repository/jakarta/inject/jakarta.inject-api/2.0.1/jakarta.inject-api-2.0.1.jar:/Users/jungkyoungsik/.m2/repository/org/antlr/antlr4-runtime/4.13.0/antlr4-runtime-4.13.0.jar:/Users/jungkyoungsik/.m2/repository/org/springframework/data/spring-data-jpa/3.2.1/spring-data-jpa-3.2.1.jar:/Users/jungkyoungsik/.m2/repository/org/springframework/data/spring-data-commons/3.2.1/spring-data-commons-3.2.1.jar:/Users/jungkyoungsik/.m2/repository/org/springframework/spring-orm/6.1.2/spring-orm-6.1.2.jar:/Users/jungkyoungsik/.m2/repository/org/springframework/spring-tx/6.1.2/spring-tx-6.1.2.jar:/Users/jungkyoungsik/.m2/repository/org/slf4j/slf4j-api/2.0.9/slf4j-api-2.0.9.jar:/Users/jungkyoungsik/.m2/repository/org/springframework/spring-aspects/6.1.2/spring-aspects-6.1.2.jar:/Users/jungkyoungsik/.m2/repository/org/springframework/boot/spring-boot-starter-web/3.2.1/spring-boot-starter-web-3.2.1.jar:/Users/jungkyoungsik/.m2/repository/org/springframework/boot/spring-boot-starter-json/3.2.1/spring-boot-starter-json-3.2.1.jar:/Users/jungkyoungsik/.m2/repository/com/fasterxml/jackson/datatype/jackson-datatype-jdk8/2.15.3/jackson-datatype-jdk8-2.15.3.jar:/Users/jungkyoungsik/.m2/repository/org/springframework/boot/spring-boot-starter-tomcat/3.2.1/spring-boot-starter-tomcat-3.2.1.jar:/Users/jungkyoungsik/.m2/repository/org/apache/tomcat/embed/tomcat-embed-core/10.1.17/tomcat-embed-core-10.1.17.jar:/Users/jungkyoungsik/.m2/repository/org/apache/tomcat/embed/tomcat-embed-websocket/10.1.17/tomcat-embed-websocket-10.1.17.jar:/Users/jungkyoungsik/.m2/repository/org/springframework/spring-web/6.1.2/spring-web-6.1.2.jar:/Users/jungkyoungsik/.m2/repository/org/springframework/spring-webmvc/6.1.2/spring-webmvc-6.1.2.jar:/Users/jungkyoungsik/.m2/repository/org/springframework/spring-expression/6.1.2/spring-expression-6.1.2.jar:/Users/jungkyoungsik/.m2/repository/org/springframework/boot/spring-boot-starter-validation/3.2.1/spring-boot-starter-validation-3.2.1.jar:/Users/jungkyoungsik/.m2/repository/org/apache/tomcat/embed/tomcat-embed-el/10.1.17/tomcat-embed-el-10.1.17.jar:/Users/jungkyoungsik/.m2/repository/org/hibernate/validator/hibernate-validator/8.0.1.Final/hibernate-validator-8.0.1.Final.jar:/Users/jungkyoungsik/.m2/repository/jakarta/validation/jakarta.validation-api/3.0.2/jakarta.validation-api-3.0.2.jar:/Users/jungkyoungsik/.m2/repository/org/springframework/boot/spring-boot-starter-thymeleaf/3.2.1/spring-boot-starter-thymeleaf-3.2.1.jar:/Users/jungkyoungsik/.m2/repository/org/thymeleaf/thymeleaf-spring6/3.1.2.RELEASE/thymeleaf-spring6-3.1.2.RELEASE.jar:/Users/jungkyoungsik/.m2/repository/org/thymeleaf/thymeleaf/3.1.2.RELEASE/thymeleaf-3.1.2.RELEASE.jar:/Users/jungkyoungsik/.m2/repository/org/attoparser/attoparser/2.0.7.RELEASE/attoparser-2.0.7.RELEASE.jar:/Users/jungkyoungsik/.m2/repository/org/unbescape/unbescape/1.1.6.RELEASE/unbescape-1.1.6.RELEASE.jar:/Users/jungkyoungsik/.m2/repository/org/springframework/boot/spring-boot-starter-test/3.2.1/spring-boot-starter-test-3.2.1.jar:/Users/jungkyoungsik/.m2/repository/org/springframework/boot/spring-boot-test/3.2.1/spring-boot-test-3.2.1.jar:/Users/jungkyoungsik/.m2/repository/org/springframework/boot/spring-boot-test-autoconfigure/3.2.1/spring-boot-test-autoconfigure-3.2.1.jar:/Users/jungkyoungsik/.m2/repository/com/jayway/jsonpath/json-path/2.8.0/json-path-2.8.0.jar:/Users/jungkyoungsik/.m2/repository/net/minidev/json-smart/2.5.0/json-smart-2.5.0.jar:/Users/jungkyoungsik/.m2/repository/net/minidev/accessors-smart/2.5.0/accessors-smart-2.5.0.jar:/Users/jungkyoungsik/.m2/repository/org/ow2/asm/asm/9.3/asm-9.3.jar:/Users/jungkyoungsik/.m2/repository/org/assertj/assertj-core/3.24.2/assertj-core-3.24.2.jar:/Users/jungkyoungsik/.m2/repository/org/awaitility/awaitility/4.2.0/awaitility-4.2.0.jar:/Users/jungkyoungsik/.m2/repository/org/hamcrest/hamcrest/2.2/hamcrest-2.2.jar:/Users/jungkyoungsik/.m2/repository/org/junit/jupiter/junit-jupiter/5.10.1/junit-jupiter-5.10.1.jar:/Users/jungkyoungsik/.m2/repository/org/junit/jupiter/junit-jupiter-api/5.10.1/junit-jupiter-api-5.10.1.jar:/Users/jungkyoungsik/.m2/repository/org/opentest4j/opentest4j/1.3.0/opentest4j-1.3.0.jar:/Users/jungkyoungsik/.m2/repository/org/junit/platform/junit-platform-commons/1.10.1/junit-platform-commons-1.10.1.jar:/Users/jungkyoungsik/.m2/repository/org/apiguardian/apiguardian-api/1.1.2/apiguardian-api-1.1.2.jar:/Users/jungkyoungsik/.m2/repository/org/junit/jupiter/junit-jupiter-params/5.10.1/junit-jupiter-params-5.10.1.jar:/Users/jungkyoungsik/.m2/repository/org/junit/jupiter/junit-jupiter-engine/5.10.1/junit-jupiter-engine-5.10.1.jar:/Users/jungkyoungsik/.m2/repository/org/junit/platform/junit-platform-engine/1.10.1/junit-platform-engine-1.10.1.jar:/Users/jungkyoungsik/.m2/repository/org/mockito/mockito-core/5.7.0/mockito-core-5.7.0.jar:/Users/jungkyoungsik/.m2/repository/net/bytebuddy/byte-buddy-agent/1.14.10/byte-buddy-agent-1.14.10.jar:/Users/jungkyoungsik/.m2/repository/org/objenesis/objenesis/3.3/objenesis-3.3.jar:/Users/jungkyoungsik/.m2/repository/org/mockito/mockito-junit-jupiter/5.7.0/mockito-junit-jupiter-5.7.0.jar:/Users/jungkyoungsik/.m2/repository/org/skyscreamer/jsonassert/1.5.1/jsonassert-1.5.1.jar:/Users/jungkyoungsik/.m2/repository/com/vaadin/external/google/android-json/0.0.20131108.vaadin1/android-json-0.0.20131108.vaadin1.jar:/Users/jungkyoungsik/.m2/repository/org/springframework/spring-core/6.1.2/spring-core-6.1.2.jar:/Users/jungkyoungsik/.m2/repository/org/springframework/spring-jcl/6.1.2/spring-jcl-6.1.2.jar:/Users/jungkyoungsik/.m2/repository/org/springframework/spring-test/6.1.2/spring-test-6.1.2.jar:/Users/jungkyoungsik/.m2/repository/org/xmlunit/xmlunit-core/2.9.1/xmlunit-core-2.9.1.jar:/Users/jungkyoungsik/.m2/repository/com/h2database/h2/2.2.224/h2-2.2.224.jar:/Users/jungkyoungsik/.m2/repository/com/mysql/mysql-connector-j/8.1.0/mysql-connector-j-8.1.0.jar:/Users/jungkyoungsik/.m2/repository/org/postgresql/postgresql/42.6.0/postgresql-42.6.0.jar:/Users/jungkyoungsik/.m2/repository/org/checkerframework/checker-qual/3.31.0/checker-qual-3.31.0.jar:/Users/jungkyoungsik/.m2/repository/javax/cache/cache-api/1.1.1/cache-api-1.1.1.jar:/Users/jungkyoungsik/.m2/repository/com/github/ben-manes/caffeine/caffeine/3.1.8/caffeine-3.1.8.jar:/Users/jungkyoungsik/.m2/repository/com/google/errorprone/error_prone_annotations/2.21.1/error_prone_annotations-2.21.1.jar:/Users/jungkyoungsik/.m2/repository/org/webjars/npm/bootstrap/5.3.2/bootstrap-5.3.2.jar:/Users/jungkyoungsik/.m2/repository/org/webjars/npm/font-awesome/4.7.0/font-awesome-4.7.0.jar:/Users/jungkyoungsik/.m2/repository/org/springframework/boot/spring-boot-devtools/3.2.1/spring-boot-devtools-3.2.1.jar:/Users/jungkyoungsik/.m2/repository/org/springframework/boot/spring-boot/3.2.1/spring-boot-3.2.1.jar:/Users/jungkyoungsik/.m2/repository/org/springframework/boot/spring-boot-autoconfigure/3.2.1/spring-boot-autoconfigure-3.2.1.jar:/Users/jungkyoungsik/.m2/repository/org/springframework/boot/spring-boot-testcontainers/3.2.1/spring-boot-testcontainers-3.2.1.jar:/Users/jungkyoungsik/.m2/repository/org/testcontainers/testcontainers/1.19.3/testcontainers-1.19.3.jar:/Users/jungkyoungsik/.m2/repository/junit/junit/4.13.2/junit-4.13.2.jar:/Users/jungkyoungsik/.m2/repository/org/hamcrest/hamcrest-core/2.2/hamcrest-core-2.2.jar:/Users/jungkyoungsik/.m2/repository/org/apache/commons/commons-compress/1.24.0/commons-compress-1.24.0.jar:/Users/jungkyoungsik/.m2/repository/org/rnorth/duct-tape/duct-tape/1.0.8/duct-tape-1.0.8.jar:/Users/jungkyoungsik/.m2/repository/org/jetbrains/annotations/17.0.0/annotations-17.0.0.jar:/Users/jungkyoungsik/.m2/repository/com/github/docker-java/docker-java-api/3.3.4/docker-java-api-3.3.4.jar:/Users/jungkyoungsik/.m2/repository/com/github/docker-java/docker-java-transport-zerodep/3.3.4/docker-java-transport-zerodep-3.3.4.jar:/Users/jungkyoungsik/.m2/repository/com/github/docker-java/docker-java-transport/3.3.4/docker-java-transport-3.3.4.jar:/Users/jungkyoungsik/.m2/repository/net/java/dev/jna/jna/5.13.0/jna-5.13.0.jar:/Users/jungkyoungsik/.m2/repository/org/springframework/boot/spring-boot-docker-compose/3.2.1/spring-boot-docker-compose-3.2.1.jar:/Users/jungkyoungsik/.m2/repository/com/fasterxml/jackson/core/jackson-databind/2.15.3/jackson-databind-2.15.3.jar:/Users/jungkyoungsik/.m2/repository/com/fasterxml/jackson/core/jackson-annotations/2.15.3/jackson-annotations-2.15.3.jar:/Users/jungkyoungsik/.m2/repository/com/fasterxml/jackson/core/jackson-core/2.15.3/jackson-core-2.15.3.jar:/Users/jungkyoungsik/.m2/repository/com/fasterxml/jackson/module/jackson-module-parameter-names/2.15.3/jackson-module-parameter-names-2.15.3.jar:/Users/jungkyoungsik/.m2/repository/org/testcontainers/junit-jupiter/1.19.3/junit-jupiter-1.19.3.jar:/Users/jungkyoungsik/.m2/repository/org/testcontainers/mysql/1.19.3/mysql-1.19.3.jar:/Users/jungkyoungsik/.m2/repository/org/testcontainers/jdbc/1.19.3/jdbc-1.19.3.jar:/Users/jungkyoungsik/.m2/repository/org/testcontainers/database-commons/1.19.3/database-commons-1.19.3.jar:/Users/jungkyoungsik/.m2/repository/jakarta/xml/bind/jakarta.xml.bind-api/4.0.1/jakarta.xml.bind-api-4.0.1.jar:/Users/jungkyoungsik/.m2/repository/jakarta/activation/jakarta.activation-api/2.1.2/jakarta.activation-api-2.1.2.jar:"/>
    <property name="sun.cpu.endian" value="little"/>
    <property name="user.home" value="/Users/jungkyoungsik"/>
    <property name="user.language" value="ja"/>
    <property name="git.closest.tag.commit.count" value=""/>
    <property name="java.specification.vendor" value="Oracle Corporation"/>
    <property name="java.version.date" value="2024-01-16"/>
    <property name="java.home" value="/opt/homebrew/Cellar/openjdk@17/17.0.10/libexec/openjdk.jdk/Contents/Home"/>
    <property name="git.total.commit.count" value="893"/>
    <property name="file.separator" value="/"/>
    <property name="basedir" value="/Users/jungkyoungsik/study/spring-petclinic"/>
    <property name="java.vm.compressedOopsMode" value="Zero based"/>
    <property name="line.separator" value="&#10;"/>
    <property name="git.build.user.email" value="jkyoung37@gmail.com"/>
    <property name="git.commit.committer.time" value="2024-02-29T19:15:20+0900"/>
    <property name="java.vm.specification.vendor" value="Oracle Corporation"/>
    <property name="java.specification.name" value="Java Platform API Specification"/>
    <property name="FILE_LOG_CHARSET" value="UTF-8"/>
    <property name="java.awt.headless" value="true"/>
    <property name="git.closest.tag.name" value=""/>
    <property name="git.local.branch.ahead" value="0"/>
    <property name="git.build.time" value="2023-05-10T16:42:50+0900"/>
    <property name="surefire.real.class.path" value="/Users/jungkyoungsik/study/spring-petclinic/target/surefire/surefirebooter-20240303233952214_3.jar"/>
    <property name="git.commit.message.full" value="Gradle wrapper files should have correct line endings"/>
    <property name="junit.platform.listeners.uid.tracking.enabled" value="true"/>
    <property name="sun.management.compiler" value="HotSpot 64-Bit Tiered Compilers"/>
    <property name="ftp.nonProxyHosts" value="local|*.local|169.254/16|*.169.254/16"/>
    <property name="junit.platform.listeners.uid.tracking.output.dir" value="/Users/jungkyoungsik/study/spring-petclinic/target/test-ids"/>
    <property name="java.runtime.version" value="17.0.10+0"/>
    <property name="user.name" value="jungkyoungsik"/>
    <property name="path.separator" value=":"/>
    <property name="os.version" value="14.2.1"/>
    <property name="java.runtime.name" value="OpenJDK Runtime Environment"/>
    <property name="file.encoding" value="UTF-8"/>
    <property name="git.commit.user.email" value="qeeqez@gmail.com"/>
    <property name="java.vm.name" value="OpenJDK 64-Bit Server VM"/>
    <property name="java.vendor.version" value="Homebrew"/>
    <property name="git.local.branch.behind" value="0"/>
    <property name="git.dirty" value="false"/>
    <property name="localRepository" value="/Users/jungkyoungsik/.m2/repository"/>
    <property name="java.vendor.url.bug" value="https://github.com/Homebrew/homebrew-core/issues"/>
    <property name="java.io.tmpdir" value="/var/folders/r6/zwlksvgj7457sqf_m45f6c3w0000gn/T/"/>
    <property name="catalina.home" value="/private/var/folders/r6/zwlksvgj7457sqf_m45f6c3w0000gn/T/tomcat.0.8158273839064739385"/>
    <property name="com.zaxxer.hikari.pool_number" value="2"/>
    <property name="java.version" value="17.0.10"/>
    <property name="user.dir" value="/Users/jungkyoungsik/study/spring-petclinic"/>
    <property name="os.arch" value="aarch64"/>
    <property name="git.commit.user.name" value="Maksim Sasnouski"/>
    <property name="git.commit.id.abbrev" value="5167226"/>
    <property name="java.vm.specification.name" value="Java Virtual Machine Specification"/>
    <property name="PID" value="12395"/>
    <property name="git.commit.id.describe-short" value="5167226"/>
    <property name="CONSOLE_LOG_CHARSET" value="UTF-8"/>
    <property name="git.commit.id.describe" value="5167226"/>
    <property name="catalina.base" value="/private/var/folders/r6/zwlksvgj7457sqf_m45f6c3w0000gn/T/tomcat.0.5540047585267740431"/>
    <property name="native.encoding" value="UTF-8"/>
    <property name="java.library.path" value="/Users/jungkyoungsik/Library/Java/Extensions:/Library/Java/Extensions:/Network/Library/Java/Extensions:/System/Library/Java/Extensions:/usr/lib/java:."/>
    <property name="git.commit.message.short" value="Gradle wrapper files should have correct line endings"/>
    <property name="java.vm.info" value="mixed mode, sharing"/>
    <property name="java.vendor" value="Homebrew"/>
    <property name="java.vm.version" value="17.0.10+0"/>
    <property name="sun.io.unicode.encoding" value="UnicodeBig"/>
    <property name="socksNonProxyHosts" value="local|*.local|169.254/16|*.169.254/16"/>
    <property name="java.class.version" value="61.0"/>
    <property name="git.commit.time" value="2024-02-29T23:35:20+0900"/>
    <property name="git.remote.origin.url" value="https://github.com/spring-projects/spring-petclinic.git"/>
  </properties>
  <testcase name="testFindAll" classname="org.springframework.samples.petclinic.MySqlIntegrationTests" time="0.095">
    <system-out><![CDATA[2024-03-03T23:41:03.904+09:00  INFO 12395 --- [           main] t.c.s.AnnotationConfigContextLoaderUtils : Could not detect default configuration classes for test class [org.springframework.samples.petclinic.MySqlIntegrationTests]: MySqlIntegrationTests does not declare any static, non-private, non-final, nested classes annotated with @Configuration.
2024-03-03T23:41:03.920+09:00  INFO 12395 --- [           main] tc.mysql:8.2                             : Pulling docker image: mysql:8.2. Please be patient; this may take some time but only needs to be done once.
2024-03-03T23:41:06.228+09:00  INFO 12395 --- [eam--1650857004] tc.mysql:8.2                             : Starting to pull image
2024-03-03T23:41:06.237+09:00  INFO 12395 --- [eam--1650857004] tc.mysql:8.2                             : Pulling image layers:  0 pending,  0 downloaded,  0 extracted, (0 bytes/0 bytes)
2024-03-03T23:41:07.539+09:00  INFO 12395 --- [eam--1650857004] tc.mysql:8.2                             : Pulling image layers:  9 pending,  1 downloaded,  0 extracted, (885 bytes/? MB)
2024-03-03T23:41:07.617+09:00  INFO 12395 --- [eam--1650857004] tc.mysql:8.2                             : Pulling image layers:  8 pending,  2 downloaded,  0 extracted, (513 KB/? MB)
2024-03-03T23:41:08.322+09:00  INFO 12395 --- [eam--1650857004] tc.mysql:8.2                             : Pulling image layers:  7 pending,  3 downloaded,  0 extracted, (14 MB/? MB)
2024-03-03T23:41:08.754+09:00  INFO 12395 --- [eam--1650857004] tc.mysql:8.2                             : Pulling image layers:  6 pending,  4 downloaded,  0 extracted, (28 MB/? MB)
2024-03-03T23:41:09.307+09:00  INFO 12395 --- [eam--1650857004] tc.mysql:8.2                             : Pulling image layers:  5 pending,  5 downloaded,  0 extracted, (42 MB/? MB)
2024-03-03T23:41:09.517+09:00  INFO 12395 --- [eam--1650857004] tc.mysql:8.2                             : Pulling image layers:  4 pending,  6 downloaded,  0 extracted, (48 MB/? MB)
2024-03-03T23:41:10.108+09:00  INFO 12395 --- [eam--1650857004] tc.mysql:8.2                             : Pulling image layers:  3 pending,  7 downloaded,  0 extracted, (60 MB/? MB)
2024-03-03T23:41:10.846+09:00  INFO 12395 --- [eam--1650857004] tc.mysql:8.2                             : Pulling image layers:  2 pending,  8 downloaded,  0 extracted, (83 MB/? MB)
2024-03-03T23:41:12.098+09:00  INFO 12395 --- [eam--1650857004] tc.mysql:8.2                             : Pulling image layers:  1 pending,  9 downloaded,  0 extracted, (128 MB/? MB)
2024-03-03T23:41:13.512+09:00  INFO 12395 --- [eam--1650857004] tc.mysql:8.2                             : Pulling image layers:  1 pending,  9 downloaded,  1 extracted, (165 MB/? MB)
2024-03-03T23:41:13.527+09:00  INFO 12395 --- [eam--1650857004] tc.mysql:8.2                             : Pulling image layers:  1 pending,  9 downloaded,  2 extracted, (167 MB/? MB)
2024-03-03T23:41:13.557+09:00  INFO 12395 --- [eam--1650857004] tc.mysql:8.2                             : Pulling image layers:  1 pending,  9 downloaded,  3 extracted, (168 MB/? MB)
2024-03-03T23:41:13.684+09:00  INFO 12395 --- [eam--1650857004] tc.mysql:8.2                             : Pulling image layers:  0 pending, 10 downloaded,  3 extracted, (171 MB/176 MB)
2024-03-03T23:41:13.800+09:00  INFO 12395 --- [eam--1650857004] tc.mysql:8.2                             : Pulling image layers:  0 pending, 10 downloaded,  4 extracted, (172 MB/176 MB)
2024-03-03T23:41:13.809+09:00  INFO 12395 --- [eam--1650857004] tc.mysql:8.2                             : Pulling image layers:  0 pending, 10 downloaded,  5 extracted, (172 MB/176 MB)
2024-03-03T23:41:13.817+09:00  INFO 12395 --- [eam--1650857004] tc.mysql:8.2                             : Pulling image layers:  0 pending, 10 downloaded,  6 extracted, (172 MB/176 MB)
2024-03-03T23:41:15.572+09:00  INFO 12395 --- [eam--1650857004] tc.mysql:8.2                             : Pulling image layers:  0 pending, 10 downloaded,  7 extracted, (174 MB/176 MB)
2024-03-03T23:41:15.580+09:00  INFO 12395 --- [eam--1650857004] tc.mysql:8.2                             : Pulling image layers:  0 pending, 10 downloaded,  8 extracted, (174 MB/176 MB)
2024-03-03T23:41:22.551+09:00  INFO 12395 --- [eam--1650857004] tc.mysql:8.2                             : Pulling image layers:  0 pending, 10 downloaded,  9 extracted, (176 MB/176 MB)
2024-03-03T23:41:22.560+09:00  INFO 12395 --- [eam--1650857004] tc.mysql:8.2                             : Pulling image layers:  0 pending, 10 downloaded, 10 extracted, (176 MB/176 MB)
2024-03-03T23:41:22.572+09:00  INFO 12395 --- [eam--1650857004] tc.mysql:8.2                             : Pull complete. 10 layers, pulled in 16s (downloaded 176 MB at 11 MB/s)
2024-03-03T23:41:22.574+09:00  INFO 12395 --- [           main] tc.mysql:8.2                             : Image mysql:8.2 pull took PT18.651744S
2024-03-03T23:41:22.603+09:00  INFO 12395 --- [           main] .b.t.c.SpringBootTestContextBootstrapper : Found @SpringBootConfiguration org.springframework.samples.petclinic.PetClinicApplication for test class org.springframework.samples.petclinic.MySqlIntegrationTests
2024-03-03T23:41:22.617+09:00  INFO 12395 --- [           main] tc.mysql:8.2                             : Creating container for image: mysql:8.2
2024-03-03T23:41:22.973+09:00  INFO 12395 --- [           main] tc.mysql:8.2                             : Container mysql:8.2 is starting: 4e8d8236d106a02a516bd3b51c62ee246489349a58c41ff6221a835425e3f1d4
2024-03-03T23:41:23.264+09:00  INFO 12395 --- [           main] tc.mysql:8.2                             : Waiting for database connection to become available at jdbc:mysql://localhost:56270/test using query 'SELECT 1'
2024-03-03T23:41:34.729+09:00  INFO 12395 --- [           main] tc.mysql:8.2                             : Container mysql:8.2 started in PT12.110157S
2024-03-03T23:41:34.731+09:00  INFO 12395 --- [           main] tc.mysql:8.2                             : Container is started (JDBC URL: jdbc:mysql://localhost:56270/test)
2024-03-03T23:41:34.743+09:00  INFO 12395 --- [           main] o.s.b.d.r.RestartApplicationListener     : Restart disabled due to context in which it is running


              |\      _,,,--,,_
             /,`.-'`'   ._  \-;;,_
  _______ __|,4-  ) )_   .;.(__`'-'__     ___ __    _ ___ _______
 |       | '---''(_/._)-'(_\_)   |   |   |   |  |  | |   |       |
 |    _  |    ___|_     _|       |   |   |   |   |_| |   |       | __ _ _
 |   |_| |   |___  |   | |       |   |   |   |       |   |       | \ \ \ \
 |    ___|    ___| |   | |      _|   |___|   |  _    |   |      _|  \ \ \ \
 |   |   |   |___  |   | |     |_|       |   | | |   |   |     |_    ) ) ) )
 |___|   |_______| |___| |_______|_______|___|_|  |__|___|_______|  / / / /
 ==================================================================/_/_/_/

:: Built with Spring Boot :: 3.2.1


2024-03-03T23:41:34.771+09:00  INFO 12395 --- [           main] o.s.s.petclinic.MySqlIntegrationTests    : Starting MySqlIntegrationTests using Java 17.0.10 with PID 12395 (started by jungkyoungsik in /Users/jungkyoungsik/study/spring-petclinic)
2024-03-03T23:41:34.771+09:00  INFO 12395 --- [           main] o.s.s.petclinic.MySqlIntegrationTests    : The following 1 profile is active: "mysql"
2024-03-03T23:41:35.176+09:00  INFO 12395 --- [           main] .s.d.r.c.RepositoryConfigurationDelegate : Bootstrapping Spring Data JPA repositories in DEFAULT mode.
2024-03-03T23:41:35.194+09:00  INFO 12395 --- [           main] .s.d.r.c.RepositoryConfigurationDelegate : Finished Spring Data repository scanning in 17 ms. Found 2 JPA repository interfaces.
2024-03-03T23:41:35.448+09:00  INFO 12395 --- [           main] o.s.b.w.embedded.tomcat.TomcatWebServer  : Tomcat initialized with port 0 (http)
2024-03-03T23:41:35.449+09:00  INFO 12395 --- [           main] o.apache.catalina.core.StandardService   : Starting service [Tomcat]
2024-03-03T23:41:35.449+09:00  INFO 12395 --- [           main] o.apache.catalina.core.StandardEngine    : Starting Servlet engine: [Apache Tomcat/10.1.17]
2024-03-03T23:41:35.488+09:00  INFO 12395 --- [           main] o.a.c.c.C.[Tomcat-1].[localhost].[/]     : Initializing Spring embedded WebApplicationContext
2024-03-03T23:41:35.489+09:00  INFO 12395 --- [           main] w.s.c.ServletWebServerApplicationContext : Root WebApplicationContext: initialization completed in 715 ms
2024-03-03T23:41:35.626+09:00  INFO 12395 --- [           main] com.zaxxer.hikari.HikariDataSource       : HikariPool-2 - Starting...
2024-03-03T23:41:35.853+09:00  INFO 12395 --- [           main] com.zaxxer.hikari.pool.HikariPool        : HikariPool-2 - Added connection com.mysql.cj.jdbc.ConnectionImpl@dac3aeb
2024-03-03T23:41:35.854+09:00  INFO 12395 --- [           main] com.zaxxer.hikari.HikariDataSource       : HikariPool-2 - Start completed.
2024-03-03T23:41:36.467+09:00  INFO 12395 --- [           main] o.hibernate.jpa.internal.util.LogHelper  : HHH000204: Processing PersistenceUnitInfo [name: default]
2024-03-03T23:41:36.472+09:00  INFO 12395 --- [           main] o.h.c.internal.RegionFactoryInitiator    : HHH000026: Second-level cache disabled
2024-03-03T23:41:36.476+09:00  INFO 12395 --- [           main] o.s.o.j.p.SpringPersistenceUnitInfo      : No LoadTimeWeaver setup: ignoring JPA class transformer
2024-03-03T23:41:36.717+09:00  INFO 12395 --- [           main] o.h.e.t.j.p.i.JtaPlatformInitiator       : HHH000489: No JTA platform available (set 'hibernate.transaction.jta.platform' to enable JTA platform integration)
2024-03-03T23:41:36.718+09:00  INFO 12395 --- [           main] j.LocalContainerEntityManagerFactoryBean : Initialized JPA EntityManagerFactory for persistence unit 'default'
2024-03-03T23:41:36.740+09:00  INFO 12395 --- [           main] tc.mysql:8.2                             : Creating container for image: mysql:8.2
2024-03-03T23:41:36.828+09:00  INFO 12395 --- [           main] tc.mysql:8.2                             : Container mysql:8.2 is starting: 9168819a08a39350b57d275e1328657423e7a8964ad4061223b516674333678a
2024-03-03T23:41:37.212+09:00  INFO 12395 --- [           main] tc.mysql:8.2                             : Waiting for database connection to become available at jdbc:mysql://localhost:56383/test using query 'SELECT 1'
2024-03-03T23:41:51.938+09:00  INFO 12395 --- [           main] tc.mysql:8.2                             : Container mysql:8.2 started in PT15.196089S
2024-03-03T23:41:51.939+09:00  INFO 12395 --- [           main] tc.mysql:8.2                             : Container is started (JDBC URL: jdbc:mysql://localhost:56383/test)
2024-03-03T23:41:53.316+09:00  INFO 12395 --- [           main] o.s.b.a.e.web.EndpointLinksResolver      : Exposing 13 endpoint(s) beneath base path '/actuator'
2024-03-03T23:41:53.358+09:00  INFO 12395 --- [           main] o.s.b.w.embedded.tomcat.TomcatWebServer  : Tomcat started on port 56513 (http) with context path ''
2024-03-03T23:41:53.367+09:00  INFO 12395 --- [           main] o.s.s.petclinic.MySqlIntegrationTests    : Started MySqlIntegrationTests in 18.624 seconds (process running for 121.1)
]]></system-out>
  </testcase>
  <testcase name="testOwnerDetails" classname="org.springframework.samples.petclinic.MySqlIntegrationTests" time="0.096">
    <system-out><![CDATA[2024-03-03T23:41:53.483+09:00  INFO 12395 --- [o-auto-2-exec-1] o.a.c.c.C.[Tomcat-1].[localhost].[/]     : Initializing Spring DispatcherServlet 'dispatcherServlet'
2024-03-03T23:41:53.483+09:00  INFO 12395 --- [o-auto-2-exec-1] o.s.web.servlet.DispatcherServlet        : Initializing Servlet 'dispatcherServlet'
2024-03-03T23:41:53.484+09:00  INFO 12395 --- [o-auto-2-exec-1] o.s.web.servlet.DispatcherServlet        : Completed initialization in 1 ms
]]></system-out>
  </testcase>
</testsuite>