<?xml version="1.0" encoding="UTF-8"?>
<testsuite xmlns:xsi="http://www.w3.org/2001/XMLSchema-instance" xsi:noNamespaceSchemaLocation="https://maven.apache.org/surefire/maven-surefire-plugin/xsd/surefire-test-report-3.0.xsd" version="3.0" name="org.springframework.samples.petclinic.PostgresIntegrationTests" time="63.425" tests="2" errors="0" skipped="0" failures="0">
  <properties>
    <property name="git.tags" value=""/>
    <property name="java.specification.version" value="17"/>
    <property name="sun.jnu.encoding" value="UTF-8"/>
    <property name="git.build.version" value="3.2.0-SNAPSHOT"/>
    <property name="java.class.path" value="/Users/jungkyoungsik/study/spring-petclinic/target/test-classes:/Users/jungkyoungsik/study/spring-petclinic/target/classes:/Users/jungkyoungsik/.m2/repository/org/springframework/boot/spring-boot-starter-actuator/3.2.1/spring-boot-starter-actuator-3.2.1.jar:/Users/jungkyoungsik/.m2/repository/org/springframework/boot/spring-boot-starter/3.2.1/spring-boot-starter-3.2.1.jar:/Users/jungkyoungsik/.m2/repository/org/springframework/boot/spring-boot-starter-logging/3.2.1/spring-boot-starter-logging-3.2.1.jar:/Users/jungkyoungsik/.m2/repository/ch/qos/logback/logback-classic/1.4.14/logback-classic-1.4.14.jar:/Users/jungkyoungsik/.m2/repository/ch/qos/logback/logback-core/1.4.14/logback-core-1.4.14.jar:/Users/jungkyoungsik/.m2/repository/org/apache/logging/log4j/log4j-to-slf4j/2.21.1/log4j-to-slf4j-2.21.1.jar:/Users/jungkyoungsik/.m2/repository/org/apache/logging/log4j/log4j-api/2.21.1/log4j-api-2.21.1.jar:/Users/jungkyoungsik/.m2/repository/org/slf4j/jul-to-slf4j/2.0.9/jul-to-slf4j-2.0.9.jar:/Users/jungkyoungsik/.m2/repository/jakarta/annotation/jakarta.annotation-api/2.1.1/jakarta.annotation-api-2.1.1.jar:/Users/jungkyoungsik/.m2/repository/org/yaml/snakeyaml/2.2/snakeyaml-2.2.jar:/Users/jungkyoungsik/.m2/repository/org/springframework/boot/spring-boot-actuator-autoconfigure/3.2.1/spring-boot-actuator-autoconfigure-3.2.1.jar:/Users/jungkyoungsik/.m2/repository/org/springframework/boot/spring-boot-actuator/3.2.1/spring-boot-actuator-3.2.1.jar:/Users/jungkyoungsik/.m2/repository/com/fasterxml/jackson/datatype/jackson-datatype-jsr310/2.15.3/jackson-datatype-jsr310-2.15.3.jar:/Users/jungkyoungsik/.m2/repository/io/micrometer/micrometer-observation/1.12.1/micrometer-observation-1.12.1.jar:/Users/jungkyoungsik/.m2/repository/io/micrometer/micrometer-commons/1.12.1/micrometer-commons-1.12.1.jar:/Users/jungkyoungsik/.m2/repository/io/micrometer/micrometer-jakarta9/1.12.1/micrometer-jakarta9-1.12.1.jar:/Users/jungkyoungsik/.m2/repository/io/micrometer/micrometer-core/1.12.1/micrometer-core-1.12.1.jar:/Users/jungkyoungsik/.m2/repository/org/hdrhistogram/HdrHistogram/2.1.12/HdrHistogram-2.1.12.jar:/Users/jungkyoungsik/.m2/repository/org/latencyutils/LatencyUtils/2.0.3/LatencyUtils-2.0.3.jar:/Users/jungkyoungsik/.m2/repository/org/springframework/boot/spring-boot-starter-cache/3.2.1/spring-boot-starter-cache-3.2.1.jar:/Users/jungkyoungsik/.m2/repository/org/springframework/spring-context-support/6.1.2/spring-context-support-6.1.2.jar:/Users/jungkyoungsik/.m2/repository/org/springframework/spring-beans/6.1.2/spring-beans-6.1.2.jar:/Users/jungkyoungsik/.m2/repository/org/springframework/spring-context/6.1.2/spring-context-6.1.2.jar:/Users/jungkyoungsik/.m2/repository/org/springframework/boot/spring-boot-starter-data-jpa/3.2.1/spring-boot-starter-data-jpa-3.2.1.jar:/Users/jungkyoungsik/.m2/repository/org/springframework/boot/spring-boot-starter-aop/3.2.1/spring-boot-starter-aop-3.2.1.jar:/Users/jungkyoungsik/.m2/repository/org/springframework/spring-aop/6.1.2/spring-aop-6.1.2.jar:/Users/jungkyoungsik/.m2/repository/org/aspectj/aspectjweaver/1.9.21/aspectjweaver-1.9.21.jar:/Users/jungkyoungsik/.m2/repository/org/springframework/boot/spring-boot-starter-jdbc/3.2.1/spring-boot-starter-jdbc-3.2.1.jar:/Users/jungkyoungsik/.m2/repository/com/zaxxer/HikariCP/5.0.1/HikariCP-5.0.1.jar:/Users/jungkyoungsik/.m2/repository/org/springframework/spring-jdbc/6.1.2/spring-jdbc-6.1.2.jar:/Users/jungkyoungsik/.m2/repository/org/hibernate/orm/hibernate-core/6.4.1.Final/hibernate-core-6.4.1.Final.jar:/Users/jungkyoungsik/.m2/repository/jakarta/persistence/jakarta.persistence-api/3.1.0/jakarta.persistence-api-3.1.0.jar:/Users/jungkyoungsik/.m2/repository/jakarta/transaction/jakarta.transaction-api/2.0.1/jakarta.transaction-api-2.0.1.jar:/Users/jungkyoungsik/.m2/repository/org/jboss/logging/jboss-logging/3.5.3.Final/jboss-logging-3.5.3.Final.jar:/Users/jungkyoungsik/.m2/repository/org/hibernate/common/hibernate-commons-annotations/6.0.6.Final/hibernate-commons-annotations-6.0.6.Final.jar:/Users/jungkyoungsik/.m2/repository/io/smallrye/jandex/3.1.2/jandex-3.1.2.jar:/Users/jungkyoungsik/.m2/repository/com/fasterxml/classmate/1.6.0/classmate-1.6.0.jar:/Users/jungkyoungsik/.m2/repository/net/bytebuddy/byte-buddy/1.14.10/byte-buddy-1.14.10.jar:/Users/jungkyoungsik/.m2/repository/org/glassfish/jaxb/jaxb-runtime/4.0.4/jaxb-runtime-4.0.4.jar:/Users/jungkyoungsik/.m2/repository/org/glassfish/jaxb/jaxb-core/4.0.4/jaxb-core-4.0.4.jar:/Users/jungkyoungsik/.m2/repository/org/eclipse/angus/angus-activation/2.0.1/angus-activation-2.0.1.jar:/Users/jungkyoungsik/.m2/repository/org/glassfish/jaxb/txw2/4.0.4/txw2-4.0.4.jar:/Users/jungkyoungsik/.m2/repository/com/sun/istack/istack-commons-runtime/4.1.2/istack-commons-runtime-4.1.2.jar:/Users/jungkyoungsik/.m2/repository/jakarta/inject/jakarta.inject-api/2.0.1/jakarta.inject-api-2.0.1.jar:/Users/jungkyoungsik/.m2/repository/org/antlr/antlr4-runtime/4.13.0/antlr4-runtime-4.13.0.jar:/Users/jungkyoungsik/.m2/repository/org/springframework/data/spring-data-jpa/3.2.1/spring-data-jpa-3.2.1.jar:/Users/jungkyoungsik/.m2/repository/org/springframework/data/spring-data-commons/3.2.1/spring-data-commons-3.2.1.jar:/Users/jungkyoungsik/.m2/repository/org/springframework/spring-orm/6.1.2/spring-orm-6.1.2.jar:/Users/jungkyoungsik/.m2/repository/org/springframework/spring-tx/6.1.2/spring-tx-6.1.2.jar:/Users/jungkyoungsik/.m2/repository/org/slf4j/slf4j-api/2.0.9/slf4j-api-2.0.9.jar:/Users/jungkyoungsik/.m2/repository/org/springframework/spring-aspects/6.1.2/spring-aspects-6.1.2.jar:/Users/jungkyoungsik/.m2/repository/org/springframework/boot/spring-boot-starter-web/3.2.1/spring-boot-starter-web-3.2.1.jar:/Users/jungkyoungsik/.m2/repository/org/springframework/boot/spring-boot-starter-json/3.2.1/spring-boot-starter-json-3.2.1.jar:/Users/jungkyoungsik/.m2/repository/com/fasterxml/jackson/datatype/jackson-datatype-jdk8/2.15.3/jackson-datatype-jdk8-2.15.3.jar:/Users/jungkyoungsik/.m2/repository/org/springframework/boot/spring-boot-starter-tomcat/3.2.1/spring-boot-starter-tomcat-3.2.1.jar:/Users/jungkyoungsik/.m2/repository/org/apache/tomcat/embed/tomcat-embed-core/10.1.17/tomcat-embed-core-10.1.17.jar:/Users/jungkyoungsik/.m2/repository/org/apache/tomcat/embed/tomcat-embed-websocket/10.1.17/tomcat-embed-websocket-10.1.17.jar:/Users/jungkyoungsik/.m2/repository/org/springframework/spring-web/6.1.2/spring-web-6.1.2.jar:/Users/jungkyoungsik/.m2/repository/org/springframework/spring-webmvc/6.1.2/spring-webmvc-6.1.2.jar:/Users/jungkyoungsik/.m2/repository/org/springframework/spring-expression/6.1.2/spring-expression-6.1.2.jar:/Users/jungkyoungsik/.m2/repository/org/springframework/boot/spring-boot-starter-validation/3.2.1/spring-boot-starter-validation-3.2.1.jar:/Users/jungkyoungsik/.m2/repository/org/apache/tomcat/embed/tomcat-embed-el/10.1.17/tomcat-embed-el-10.1.17.jar:/Users/jungkyoungsik/.m2/repository/org/hibernate/validator/hibernate-validator/8.0.1.Final/hibernate-validator-8.0.1.Final.jar:/Users/jungkyoungsik/.m2/repository/jakarta/validation/jakarta.validation-api/3.0.2/jakarta.validation-api-3.0.2.jar:/Users/jungkyoungsik/.m2/repository/org/springframework/boot/spring-boot-starter-thymeleaf/3.2.1/spring-boot-starter-thymeleaf-3.2.1.jar:/Users/jungkyoungsik/.m2/repository/org/thymeleaf/thymeleaf-spring6/3.1.2.RELEASE/thymeleaf-spring6-3.1.2.RELEASE.jar:/Users/jungkyoungsik/.m2/repository/org/thymeleaf/thymeleaf/3.1.2.RELEASE/thymeleaf-3.1.2.RELEASE.jar:/Users/jungkyoungsik/.m2/repository/org/attoparser/attoparser/2.0.7.RELEASE/attoparser-2.0.7.RELEASE.jar:/Users/jungkyoungsik/.m2/repository/org/unbescape/unbescape/1.1.6.RELEASE/unbescape-1.1.6.RELEASE.jar:/Users/jungkyoungsik/.m2/repository/org/springframework/boot/spring-boot-starter-test/3.2.1/spring-boot-starter-test-3.2.1.jar:/Users/jungkyoungsik/.m2/repository/org/springframework/boot/spring-boot-test/3.2.1/spring-boot-test-3.2.1.jar:/Users/jungkyoungsik/.m2/repository/org/springframework/boot/spring-boot-test-autoconfigure/3.2.1/spring-boot-test-autoconfigure-3.2.1.jar:/Users/jungkyoungsik/.m2/repository/com/jayway/jsonpath/json-path/2.8.0/json-path-2.8.0.jar:/Users/jungkyoungsik/.m2/repository/net/minidev/json-smart/2.5.0/json-smart-2.5.0.jar:/Users/jungkyoungsik/.m2/repository/net/minidev/accessors-smart/2.5.0/accessors-smart-2.5.0.jar:/Users/jungkyoungsik/.m2/repository/org/ow2/asm/asm/9.3/asm-9.3.jar:/Users/jungkyoungsik/.m2/repository/org/assertj/assertj-core/3.24.2/assertj-core-3.24.2.jar:/Users/jungkyoungsik/.m2/repository/org/awaitility/awaitility/4.2.0/awaitility-4.2.0.jar:/Users/jungkyoungsik/.m2/repository/org/hamcrest/hamcrest/2.2/hamcrest-2.2.jar:/Users/jungkyoungsik/.m2/repository/org/junit/jupiter/junit-jupiter/5.10.1/junit-jupiter-5.10.1.jar:/Users/jungkyoungsik/.m2/repository/org/junit/jupiter/junit-jupiter-api/5.10.1/junit-jupiter-api-5.10.1.jar:/Users/jungkyoungsik/.m2/repository/org/opentest4j/opentest4j/1.3.0/opentest4j-1.3.0.jar:/Users/jungkyoungsik/.m2/repository/org/junit/platform/junit-platform-commons/1.10.1/junit-platform-commons-1.10.1.jar:/Users/jungkyoungsik/.m2/repository/org/apiguardian/apiguardian-api/1.1.2/apiguardian-api-1.1.2.jar:/Users/jungkyoungsik/.m2/repository/org/junit/jupiter/junit-jupiter-params/5.10.1/junit-jupiter-params-5.10.1.jar:/Users/jungkyoungsik/.m2/repository/org/junit/jupiter/junit-jupiter-engine/5.10.1/junit-jupiter-engine-5.10.1.jar:/Users/jungkyoungsik/.m2/repository/org/junit/platform/junit-platform-engine/1.10.1/junit-platform-engine-1.10.1.jar:/Users/jungkyoungsik/.m2/repository/org/mockito/mockito-core/5.7.0/mockito-core-5.7.0.jar:/Users/jungkyoungsik/.m2/repository/net/bytebuddy/byte-buddy-agent/1.14.10/byte-buddy-agent-1.14.10.jar:/Users/jungkyoungsik/.m2/repository/org/objenesis/objenesis/3.3/objenesis-3.3.jar:/Users/jungkyoungsik/.m2/repository/org/mockito/mockito-junit-jupiter/5.7.0/mockito-junit-jupiter-5.7.0.jar:/Users/jungkyoungsik/.m2/repository/org/skyscreamer/jsonassert/1.5.1/jsonassert-1.5.1.jar:/Users/jungkyoungsik/.m2/repository/com/vaadin/external/google/android-json/0.0.20131108.vaadin1/android-json-0.0.20131108.vaadin1.jar:/Users/jungkyoungsik/.m2/repository/org/springframework/spring-core/6.1.2/spring-core-6.1.2.jar:/Users/jungkyoungsik/.m2/repository/org/springframework/spring-jcl/6.1.2/spring-jcl-6.1.2.jar:/Users/jungkyoungsik/.m2/repository/org/springframework/spring-test/6.1.2/spring-test-6.1.2.jar:/Users/jungkyoungsik/.m2/repository/org/xmlunit/xmlunit-core/2.9.1/xmlunit-core-2.9.1.jar:/Users/jungkyoungsik/.m2/repository/com/h2database/h2/2.2.224/h2-2.2.224.jar:/Users/jungkyoungsik/.m2/repository/com/mysql/mysql-connector-j/8.1.0/mysql-connector-j-8.1.0.jar:/Users/jungkyoungsik/.m2/repository/org/postgresql/postgresql/42.6.0/postgresql-42.6.0.jar:/Users/jungkyoungsik/.m2/repository/org/checkerframework/checker-qual/3.31.0/checker-qual-3.31.0.jar:/Users/jungkyoungsik/.m2/repository/javax/cache/cache-api/1.1.1/cache-api-1.1.1.jar:/Users/jungkyoungsik/.m2/repository/com/github/ben-manes/caffeine/caffeine/3.1.8/caffeine-3.1.8.jar:/Users/jungkyoungsik/.m2/repository/com/google/errorprone/error_prone_annotations/2.21.1/error_prone_annotations-2.21.1.jar:/Users/jungkyoungsik/.m2/repository/org/webjars/npm/bootstrap/5.3.2/bootstrap-5.3.2.jar:/Users/jungkyoungsik/.m2/repository/org/webjars/npm/font-awesome/4.7.0/font-awesome-4.7.0.jar:/Users/jungkyoungsik/.m2/repository/org/springframework/boot/spring-boot-devtools/3.2.1/spring-boot-devtools-3.2.1.jar:/Users/jungkyoungsik/.m2/repository/org/springframework/boot/spring-boot/3.2.1/spring-boot-3.2.1.jar:/Users/jungkyoungsik/.m2/repository/org/springframework/boot/spring-boot-autoconfigure/3.2.1/spring-boot-autoconfigure-3.2.1.jar:/Users/jungkyoungsik/.m2/repository/org/springframework/boot/spring-boot-testcontainers/3.2.1/spring-boot-testcontainers-3.2.1.jar:/Users/jungkyoungsik/.m2/repository/org/testcontainers/testcontainers/1.19.3/testcontainers-1.19.3.jar:/Users/jungkyoungsik/.m2/repository/junit/junit/4.13.2/junit-4.13.2.jar:/Users/jungkyoungsik/.m2/repository/org/hamcrest/hamcrest-core/2.2/hamcrest-core-2.2.jar:/Users/jungkyoungsik/.m2/repository/org/apache/commons/commons-compress/1.24.0/commons-compress-1.24.0.jar:/Users/jungkyoungsik/.m2/repository/org/rnorth/duct-tape/duct-tape/1.0.8/duct-tape-1.0.8.jar:/Users/jungkyoungsik/.m2/repository/org/jetbrains/annotations/17.0.0/annotations-17.0.0.jar:/Users/jungkyoungsik/.m2/repository/com/github/docker-java/docker-java-api/3.3.4/docker-java-api-3.3.4.jar:/Users/jungkyoungsik/.m2/repository/com/github/docker-java/docker-java-transport-zerodep/3.3.4/docker-java-transport-zerodep-3.3.4.jar:/Users/jungkyoungsik/.m2/repository/com/github/docker-java/docker-java-transport/3.3.4/docker-java-transport-3.3.4.jar:/Users/jungkyoungsik/.m2/repository/net/java/dev/jna/jna/5.13.0/jna-5.13.0.jar:/Users/jungkyoungsik/.m2/repository/org/springframework/boot/spring-boot-docker-compose/3.2.1/spring-boot-docker-compose-3.2.1.jar:/Users/jungkyoungsik/.m2/repository/com/fasterxml/jackson/core/jackson-databind/2.15.3/jackson-databind-2.15.3.jar:/Users/jungkyoungsik/.m2/repository/com/fasterxml/jackson/core/jackson-annotations/2.15.3/jackson-annotations-2.15.3.jar:/Users/jungkyoungsik/.m2/repository/com/fasterxml/jackson/core/jackson-core/2.15.3/jackson-core-2.15.3.jar:/Users/jungkyoungsik/.m2/repository/com/fasterxml/jackson/module/jackson-module-parameter-names/2.15.3/jackson-module-parameter-names-2.15.3.jar:/Users/jungkyoungsik/.m2/repository/org/testcontainers/junit-jupiter/1.19.3/junit-jupiter-1.19.3.jar:/Users/jungkyoungsik/.m2/repository/org/testcontainers/mysql/1.19.3/mysql-1.19.3.jar:/Users/jungkyoungsik/.m2/repository/org/testcontainers/jdbc/1.19.3/jdbc-1.19.3.jar:/Users/jungkyoungsik/.m2/repository/org/testcontainers/database-commons/1.19.3/database-commons-1.19.3.jar:/Users/jungkyoungsik/.m2/repository/jakarta/xml/bind/jakarta.xml.bind-api/4.0.1/jakarta.xml.bind-api-4.0.1.jar:/Users/jungkyoungsik/.m2/repository/jakarta/activation/jakarta.activation-api/2.1.2/jakarta.activation-api-2.1.2.jar:"/>
    <property name="git.branch" value="main"/>
    <property name="git.build.host" value="JUNGnoMacBook-Air.local"/>
    <property name="java.vm.vendor" value="Homebrew"/>
    <property name="sun.arch.data.model" value="64"/>
    <property name="git.commit.id" value="516722647ae474746a84c197127e323135907d57"/>
    <property name="java.vendor.url" value="https://github.com/Homebrew/homebrew-core/issues"/>
    <property name="catalina.useNaming" value="false"/>
    <property name="user.timezone" value="Asia/Tokyo"/>
    <property name="org.jboss.logging.provider" value="slf4j"/>
    <property name="java.vm.specification.version" value="17"/>
    <property name="os.name" value="Mac OS X"/>
    <property name="git.commit.author.time" value="2024-02-29T19:15:20+0900"/>
    <property name="sun.java.launcher" value="SUN_STANDARD"/>
    <property name="user.country" value="JP"/>
    <property name="git.build.user.name" value="JUNG KYOUNGSIK"/>
    <property name="sun.boot.library.path" value="/opt/homebrew/Cellar/openjdk@17/17.0.10/libexec/openjdk.jdk/Contents/Home/lib"/>
    <property name="sun.java.command" value="/Users/jungkyoungsik/study/spring-petclinic/target/surefire/surefirebooter-20240303233952214_3.jar /Users/jungkyoungsik/study/spring-petclinic/target/surefire 2024-03-03T23-39-48_149-jvmRun1 surefire-20240303233952214_1tmp surefire_0-20240303233952214_2tmp"/>
    <property name="http.nonProxyHosts" value="local|*.local|169.254/16|*.169.254/16"/>
    <property name="jdk.debug" value="release"/>
    <property name="surefire.test.class.path" value="/Users/jungkyoungsik/study/spring-petclinic/target/test-classes:/Users/jungkyoungsik/study/spring-petclinic/target/classes:/Users/jungkyoungsik/.m2/repository/org/springframework/boot/spring-boot-starter-actuator/3.2.1/spring-boot-starter-actuator-3.2.1.jar:/Users/jungkyoungsik/.m2/repository/org/springframework/boot/spring-boot-starter/3.2.1/spring-boot-starter-3.2.1.jar:/Users/jungkyoungsik/.m2/repository/org/springframework/boot/spring-boot-starter-logging/3.2.1/spring-boot-starter-logging-3.2.1.jar:/Users/jungkyoungsik/.m2/repository/ch/qos/logback/logback-classic/1.4.14/logback-classic-1.4.14.jar:/Users/jungkyoungsik/.m2/repository/ch/qos/logback/logback-core/1.4.14/logback-core-1.4.14.jar:/Users/jungkyoungsik/.m2/repository/org/apache/logging/log4j/log4j-to-slf4j/2.21.1/log4j-to-slf4j-2.21.1.jar:/Users/jungkyoungsik/.m2/repository/org/apache/logging/log4j/log4j-api/2.21.1/log4j-api-2.21.1.jar:/Users/jungkyoungsik/.m2/repository/org/slf4j/jul-to-slf4j/2.0.9/jul-to-slf4j-2.0.9.jar:/Users/jungkyoungsik/.m2/repository/jakarta/annotation/jakarta.annotation-api/2.1.1/jakarta.annotation-api-2.1.1.jar:/Users/jungkyoungsik/.m2/repository/org/yaml/snakeyaml/2.2/snakeyaml-2.2.jar:/Users/jungkyoungsik/.m2/repository/org/springframework/boot/spring-boot-actuator-autoconfigure/3.2.1/spring-boot-actuator-autoconfigure-3.2.1.jar:/Users/jungkyoungsik/.m2/repository/org/springframework/boot/spring-boot-actuator/3.2.1/spring-boot-actuator-3.2.1.jar:/Users/jungkyoungsik/.m2/repository/com/fasterxml/jackson/datatype/jackson-datatype-jsr310/2.15.3/jackson-datatype-jsr310-2.15.3.jar:/Users/jungkyoungsik/.m2/repository/io/micrometer/micrometer-observation/1.12.1/micrometer-observation-1.12.1.jar:/Users/jungkyoungsik/.m2/repository/io/micrometer/micrometer-commons/1.12.1/micrometer-commons-1.12.1.jar:/Users/jungkyoungsik/.m2/repository/io/micrometer/micrometer-jakarta9/1.12.1/micrometer-jakarta9-1.12.1.jar:/Users/jungkyoungsik/.m2/repository/io/micrometer/micrometer-core/1.12.1/micrometer-core-1.12.1.jar:/Users/jungkyoungsik/.m2/repository/org/hdrhistogram/HdrHistogram/2.1.12/HdrHistogram-2.1.12.jar:/Users/jungkyoungsik/.m2/repository/org/latencyutils/LatencyUtils/2.0.3/LatencyUtils-2.0.3.jar:/Users/jungkyoungsik/.m2/repository/org/springframework/boot/spring-boot-starter-cache/3.2.1/spring-boot-starter-cache-3.2.1.jar:/Users/jungkyoungsik/.m2/repository/org/springframework/spring-context-support/6.1.2/spring-context-support-6.1.2.jar:/Users/jungkyoungsik/.m2/repository/org/springframework/spring-beans/6.1.2/spring-beans-6.1.2.jar:/Users/jungkyoungsik/.m2/repository/org/springframework/spring-context/6.1.2/spring-context-6.1.2.jar:/Users/jungkyoungsik/.m2/repository/org/springframework/boot/spring-boot-starter-data-jpa/3.2.1/spring-boot-starter-data-jpa-3.2.1.jar:/Users/jungkyoungsik/.m2/repository/org/springframework/boot/spring-boot-starter-aop/3.2.1/spring-boot-starter-aop-3.2.1.jar:/Users/jungkyoungsik/.m2/repository/org/springframework/spring-aop/6.1.2/spring-aop-6.1.2.jar:/Users/jungkyoungsik/.m2/repository/org/aspectj/aspectjweaver/1.9.21/aspectjweaver-1.9.21.jar:/Users/jungkyoungsik/.m2/repository/org/springframework/boot/spring-boot-starter-jdbc/3.2.1/spring-boot-starter-jdbc-3.2.1.jar:/Users/jungkyoungsik/.m2/repository/com/zaxxer/HikariCP/5.0.1/HikariCP-5.0.1.jar:/Users/jungkyoungsik/.m2/repository/org/springframework/spring-jdbc/6.1.2/spring-jdbc-6.1.2.jar:/Users/jungkyoungsik/.m2/repository/org/hibernate/orm/hibernate-core/6.4.1.Final/hibernate-core-6.4.1.Final.jar:/Users/jungkyoungsik/.m2/repository/jakarta/persistence/jakarta.persistence-api/3.1.0/jakarta.persistence-api-3.1.0.jar:/Users/jungkyoungsik/.m2/repository/jakarta/transaction/jakarta.transaction-api/2.0.1/jakarta.transaction-api-2.0.1.jar:/Users/jungkyoungsik/.m2/repository/org/jboss/logging/jboss-logging/3.5.3.Final/jboss-logging-3.5.3.Final.jar:/Users/jungkyoungsik/.m2/repository/org/hibernate/common/hibernate-commons-annotations/6.0.6.Final/hibernate-commons-annotations-6.0.6.Final.jar:/Users/jungkyoungsik/.m2/repository/io/smallrye/jandex/3.1.2/jandex-3.1.2.jar:/Users/jungkyoungsik/.m2/repository/com/fasterxml/classmate/1.6.0/classmate-1.6.0.jar:/Users/jungkyoungsik/.m2/repository/net/bytebuddy/byte-buddy/1.14.10/byte-buddy-1.14.10.jar:/Users/jungkyoungsik/.m2/repository/org/glassfish/jaxb/jaxb-runtime/4.0.4/jaxb-runtime-4.0.4.jar:/Users/jungkyoungsik/.m2/repository/org/glassfish/jaxb/jaxb-core/4.0.4/jaxb-core-4.0.4.jar:/Users/jungkyoungsik/.m2/repository/org/eclipse/angus/angus-activation/2.0.1/angus-activation-2.0.1.jar:/Users/jungkyoungsik/.m2/repository/org/glassfish/jaxb/txw2/4.0.4/txw2-4.0.4.jar:/Users/jungkyoungsik/.m2/repository/com/sun/istack/istack-commons-runtime/4.1.2/istack-commons-runtime-4.1.2.jar:/Users/jungkyoungsik/.m2/repository/jakarta/inject/jakarta.inject-api/2.0.1/jakarta.inject-api-2.0.1.jar:/Users/jungkyoungsik/.m2/repository/org/antlr/antlr4-runtime/4.13.0/antlr4-runtime-4.13.0.jar:/Users/jungkyoungsik/.m2/repository/org/springframework/data/spring-data-jpa/3.2.1/spring-data-jpa-3.2.1.jar:/Users/jungkyoungsik/.m2/repository/org/springframework/data/spring-data-commons/3.2.1/spring-data-commons-3.2.1.jar:/Users/jungkyoungsik/.m2/repository/org/springframework/spring-orm/6.1.2/spring-orm-6.1.2.jar:/Users/jungkyoungsik/.m2/repository/org/springframework/spring-tx/6.1.2/spring-tx-6.1.2.jar:/Users/jungkyoungsik/.m2/repository/org/slf4j/slf4j-api/2.0.9/slf4j-api-2.0.9.jar:/Users/jungkyoungsik/.m2/repository/org/springframework/spring-aspects/6.1.2/spring-aspects-6.1.2.jar:/Users/jungkyoungsik/.m2/repository/org/springframework/boot/spring-boot-starter-web/3.2.1/spring-boot-starter-web-3.2.1.jar:/Users/jungkyoungsik/.m2/repository/org/springframework/boot/spring-boot-starter-json/3.2.1/spring-boot-starter-json-3.2.1.jar:/Users/jungkyoungsik/.m2/repository/com/fasterxml/jackson/datatype/jackson-datatype-jdk8/2.15.3/jackson-datatype-jdk8-2.15.3.jar:/Users/jungkyoungsik/.m2/repository/org/springframework/boot/spring-boot-starter-tomcat/3.2.1/spring-boot-starter-tomcat-3.2.1.jar:/Users/jungkyoungsik/.m2/repository/org/apache/tomcat/embed/tomcat-embed-core/10.1.17/tomcat-embed-core-10.1.17.jar:/Users/jungkyoungsik/.m2/repository/org/apache/tomcat/embed/tomcat-embed-websocket/10.1.17/tomcat-embed-websocket-10.1.17.jar:/Users/jungkyoungsik/.m2/repository/org/springframework/spring-web/6.1.2/spring-web-6.1.2.jar:/Users/jungkyoungsik/.m2/repository/org/springframework/spring-webmvc/6.1.2/spring-webmvc-6.1.2.jar:/Users/jungkyoungsik/.m2/repository/org/springframework/spring-expression/6.1.2/spring-expression-6.1.2.jar:/Users/jungkyoungsik/.m2/repository/org/springframework/boot/spring-boot-starter-validation/3.2.1/spring-boot-starter-validation-3.2.1.jar:/Users/jungkyoungsik/.m2/repository/org/apache/tomcat/embed/tomcat-embed-el/10.1.17/tomcat-embed-el-10.1.17.jar:/Users/jungkyoungsik/.m2/repository/org/hibernate/validator/hibernate-validator/8.0.1.Final/hibernate-validator-8.0.1.Final.jar:/Users/jungkyoungsik/.m2/repository/jakarta/validation/jakarta.validation-api/3.0.2/jakarta.validation-api-3.0.2.jar:/Users/jungkyoungsik/.m2/repository/org/springframework/boot/spring-boot-starter-thymeleaf/3.2.1/spring-boot-starter-thymeleaf-3.2.1.jar:/Users/jungkyoungsik/.m2/repository/org/thymeleaf/thymeleaf-spring6/3.1.2.RELEASE/thymeleaf-spring6-3.1.2.RELEASE.jar:/Users/jungkyoungsik/.m2/repository/org/thymeleaf/thymeleaf/3.1.2.RELEASE/thymeleaf-3.1.2.RELEASE.jar:/Users/jungkyoungsik/.m2/repository/org/attoparser/attoparser/2.0.7.RELEASE/attoparser-2.0.7.RELEASE.jar:/Users/jungkyoungsik/.m2/repository/org/unbescape/unbescape/1.1.6.RELEASE/unbescape-1.1.6.RELEASE.jar:/Users/jungkyoungsik/.m2/repository/org/springframework/boot/spring-boot-starter-test/3.2.1/spring-boot-starter-test-3.2.1.jar:/Users/jungkyoungsik/.m2/repository/org/springframework/boot/spring-boot-test/3.2.1/spring-boot-test-3.2.1.jar:/Users/jungkyoungsik/.m2/repository/org/springframework/boot/spring-boot-test-autoconfigure/3.2.1/spring-boot-test-autoconfigure-3.2.1.jar:/Users/jungkyoungsik/.m2/repository/com/jayway/jsonpath/json-path/2.8.0/json-path-2.8.0.jar:/Users/jungkyoungsik/.m2/repository/net/minidev/json-smart/2.5.0/json-smart-2.5.0.jar:/Users/jungkyoungsik/.m2/repository/net/minidev/accessors-smart/2.5.0/accessors-smart-2.5.0.jar:/Users/jungkyoungsik/.m2/repository/org/ow2/asm/asm/9.3/asm-9.3.jar:/Users/jungkyoungsik/.m2/repository/org/assertj/assertj-core/3.24.2/assertj-core-3.24.2.jar:/Users/jungkyoungsik/.m2/repository/org/awaitility/awaitility/4.2.0/awaitility-4.2.0.jar:/Users/jungkyoungsik/.m2/repository/org/hamcrest/hamcrest/2.2/hamcrest-2.2.jar:/Users/jungkyoungsik/.m2/repository/org/junit/jupiter/junit-jupiter/5.10.1/junit-jupiter-5.10.1.jar:/Users/jungkyoungsik/.m2/repository/org/junit/jupiter/junit-jupiter-api/5.10.1/junit-jupiter-api-5.10.1.jar:/Users/jungkyoungsik/.m2/repository/org/opentest4j/opentest4j/1.3.0/opentest4j-1.3.0.jar:/Users/jungkyoungsik/.m2/repository/org/junit/platform/junit-platform-commons/1.10.1/junit-platform-commons-1.10.1.jar:/Users/jungkyoungsik/.m2/repository/org/apiguardian/apiguardian-api/1.1.2/apiguardian-api-1.1.2.jar:/Users/jungkyoungsik/.m2/repository/org/junit/jupiter/junit-jupiter-params/5.10.1/junit-jupiter-params-5.10.1.jar:/Users/jungkyoungsik/.m2/repository/org/junit/jupiter/junit-jupiter-engine/5.10.1/junit-jupiter-engine-5.10.1.jar:/Users/jungkyoungsik/.m2/repository/org/junit/platform/junit-platform-engine/1.10.1/junit-platform-engine-1.10.1.jar:/Users/jungkyoungsik/.m2/repository/org/mockito/mockito-core/5.7.0/mockito-core-5.7.0.jar:/Users/jungkyoungsik/.m2/repository/net/bytebuddy/byte-buddy-agent/1.14.10/byte-buddy-agent-1.14.10.jar:/Users/jungkyoungsik/.m2/repository/org/objenesis/objenesis/3.3/objenesis-3.3.jar:/Users/jungkyoungsik/.m2/repository/org/mockito/mockito-junit-jupiter/5.7.0/mockito-junit-jupiter-5.7.0.jar:/Users/jungkyoungsik/.m2/repository/org/skyscreamer/jsonassert/1.5.1/jsonassert-1.5.1.jar:/Users/jungkyoungsik/.m2/repository/com/vaadin/external/google/android-json/0.0.20131108.vaadin1/android-json-0.0.20131108.vaadin1.jar:/Users/jungkyoungsik/.m2/repository/org/springframework/spring-core/6.1.2/spring-core-6.1.2.jar:/Users/jungkyoungsik/.m2/repository/org/springframework/spring-jcl/6.1.2/spring-jcl-6.1.2.jar:/Users/jungkyoungsik/.m2/repository/org/springframework/spring-test/6.1.2/spring-test-6.1.2.jar:/Users/jungkyoungsik/.m2/repository/org/xmlunit/xmlunit-core/2.9.1/xmlunit-core-2.9.1.jar:/Users/jungkyoungsik/.m2/repository/com/h2database/h2/2.2.224/h2-2.2.224.jar:/Users/jungkyoungsik/.m2/repository/com/mysql/mysql-connector-j/8.1.0/mysql-connector-j-8.1.0.jar:/Users/jungkyoungsik/.m2/repository/org/postgresql/postgresql/42.6.0/postgresql-42.6.0.jar:/Users/jungkyoungsik/.m2/repository/org/checkerframework/checker-qual/3.31.0/checker-qual-3.31.0.jar:/Users/jungkyoungsik/.m2/repository/javax/cache/cache-api/1.1.1/cache-api-1.1.1.jar:/Users/jungkyoungsik/.m2/repository/com/github/ben-manes/caffeine/caffeine/3.1.8/caffeine-3.1.8.jar:/Users/jungkyoungsik/.m2/repository/com/google/errorprone/error_prone_annotations/2.21.1/error_prone_annotations-2.21.1.jar:/Users/jungkyoungsik/.m2/repository/org/webjars/npm/bootstrap/5.3.2/bootstrap-5.3.2.jar:/Users/jungkyoungsik/.m2/repository/org/webjars/npm/font-awesome/4.7.0/font-awesome-4.7.0.jar:/Users/jungkyoungsik/.m2/repository/org/springframework/boot/spring-boot-devtools/3.2.1/spring-boot-devtools-3.2.1.jar:/Users/jungkyoungsik/.m2/repository/org/springframework/boot/spring-boot/3.2.1/spring-boot-3.2.1.jar:/Users/jungkyoungsik/.m2/repository/org/springframework/boot/spring-boot-autoconfigure/3.2.1/spring-boot-autoconfigure-3.2.1.jar:/Users/jungkyoungsik/.m2/repository/org/springframework/boot/spring-boot-testcontainers/3.2.1/spring-boot-testcontainers-3.2.1.jar:/Users/jungkyoungsik/.m2/repository/org/testcontainers/testcontainers/1.19.3/testcontainers-1.19.3.jar:/Users/jungkyoungsik/.m2/repository/junit/junit/4.13.2/junit-4.13.2.jar:/Users/jungkyoungsik/.m2/repository/org/hamcrest/hamcrest-core/2.2/hamcrest-core-2.2.jar:/Users/jungkyoungsik/.m2/repository/org/apache/commons/commons-compress/1.24.0/commons-compress-1.24.0.jar:/Users/jungkyoungsik/.m2/repository/org/rnorth/duct-tape/duct-tape/1.0.8/duct-tape-1.0.8.jar:/Users/jungkyoungsik/.m2/repository/org/jetbrains/annotations/17.0.0/annotations-17.0.0.jar:/Users/jungkyoungsik/.m2/repository/com/github/docker-java/docker-java-api/3.3.4/docker-java-api-3.3.4.jar:/Users/jungkyoungsik/.m2/repository/com/github/docker-java/docker-java-transport-zerodep/3.3.4/docker-java-transport-zerodep-3.3.4.jar:/Users/jungkyoungsik/.m2/repository/com/github/docker-java/docker-java-transport/3.3.4/docker-java-transport-3.3.4.jar:/Users/jungkyoungsik/.m2/repository/net/java/dev/jna/jna/5.13.0/jna-5.13.0.jar:/Users/jungkyoungsik/.m2/repository/org/springframework/boot/spring-boot-docker-compose/3.2.1/spring-boot-docker-compose-3.2.1.jar:/Users/jungkyoungsik/.m2/repository/com/fasterxml/jackson/core/jackson-databind/2.15.3/jackson-databind-2.15.3.jar:/Users/jungkyoungsik/.m2/repository/com/fasterxml/jackson/core/jackson-annotations/2.15.3/jackson-annotations-2.15.3.jar:/Users/jungkyoungsik/.m2/repository/com/fasterxml/jackson/core/jackson-core/2.15.3/jackson-core-2.15.3.jar:/Users/jungkyoungsik/.m2/repository/com/fasterxml/jackson/module/jackson-module-parameter-names/2.15.3/jackson-module-parameter-names-2.15.3.jar:/Users/jungkyoungsik/.m2/repository/org/testcontainers/junit-jupiter/1.19.3/junit-jupiter-1.19.3.jar:/Users/jungkyoungsik/.m2/repository/org/testcontainers/mysql/1.19.3/mysql-1.19.3.jar:/Users/jungkyoungsik/.m2/repository/org/testcontainers/jdbc/1.19.3/jdbc-1.19.3.jar:/Users/jungkyoungsik/.m2/repository/org/testcontainers/database-commons/1.19.3/database-commons-1.19.3.jar:/Users/jungkyoungsik/.m2/repository/jakarta/xml/bind/jakarta.xml.bind-api/4.0.1/jakarta.xml.bind-api-4.0.1.jar:/Users/jungkyoungsik/.m2/repository/jakarta/activation/jakarta.activation-api/2.1.2/jakarta.activation-api-2.1.2.jar:"/>
    <property name="sun.cpu.endian" value="little"/>
    <property name="user.home" value="/Users/jungkyoungsik"/>
    <property name="user.language" value="ja"/>
    <property name="git.closest.tag.commit.count" value=""/>
    <property name="java.specification.vendor" value="Oracle Corporation"/>
    <property name="java.version.date" value="2024-01-16"/>
    <property name="java.home" value="/opt/homebrew/Cellar/openjdk@17/17.0.10/libexec/openjdk.jdk/Contents/Home"/>
    <property name="git.total.commit.count" value="893"/>
    <property name="file.separator" value="/"/>
    <property name="basedir" value="/Users/jungkyoungsik/study/spring-petclinic"/>
    <property name="java.vm.compressedOopsMode" value="Zero based"/>
    <property name="line.separator" value="&#10;"/>
    <property name="git.build.user.email" value="jkyoung37@gmail.com"/>
    <property name="git.commit.committer.time" value="2024-02-29T19:15:20+0900"/>
    <property name="java.vm.specification.vendor" value="Oracle Corporation"/>
    <property name="java.specification.name" value="Java Platform API Specification"/>
    <property name="FILE_LOG_CHARSET" value="UTF-8"/>
    <property name="java.awt.headless" value="true"/>
    <property name="git.closest.tag.name" value=""/>
    <property name="git.local.branch.ahead" value="0"/>
    <property name="git.build.time" value="2023-05-10T16:42:50+0900"/>
    <property name="surefire.real.class.path" value="/Users/jungkyoungsik/study/spring-petclinic/target/surefire/surefirebooter-20240303233952214_3.jar"/>
    <property name="git.commit.message.full" value="Gradle wrapper files should have correct line endings"/>
    <property name="junit.platform.listeners.uid.tracking.enabled" value="true"/>
    <property name="sun.management.compiler" value="HotSpot 64-Bit Tiered Compilers"/>
    <property name="ftp.nonProxyHosts" value="local|*.local|169.254/16|*.169.254/16"/>
    <property name="junit.platform.listeners.uid.tracking.output.dir" value="/Users/jungkyoungsik/study/spring-petclinic/target/test-ids"/>
    <property name="java.runtime.version" value="17.0.10+0"/>
    <property name="user.name" value="jungkyoungsik"/>
    <property name="path.separator" value=":"/>
    <property name="os.version" value="14.2.1"/>
    <property name="java.runtime.name" value="OpenJDK Runtime Environment"/>
    <property name="file.encoding" value="UTF-8"/>
    <property name="git.commit.user.email" value="qeeqez@gmail.com"/>
    <property name="java.vm.name" value="OpenJDK 64-Bit Server VM"/>
    <property name="java.vendor.version" value="Homebrew"/>
    <property name="git.local.branch.behind" value="0"/>
    <property name="git.dirty" value="false"/>
    <property name="localRepository" value="/Users/jungkyoungsik/.m2/repository"/>
    <property name="java.vendor.url.bug" value="https://github.com/Homebrew/homebrew-core/issues"/>
    <property name="java.io.tmpdir" value="/var/folders/r6/zwlksvgj7457sqf_m45f6c3w0000gn/T/"/>
    <property name="catalina.home" value="/private/var/folders/r6/zwlksvgj7457sqf_m45f6c3w0000gn/T/tomcat.0.8158273839064739385"/>
    <property name="com.zaxxer.hikari.pool_number" value="1"/>
    <property name="java.version" value="17.0.10"/>
    <property name="user.dir" value="/Users/jungkyoungsik/study/spring-petclinic"/>
    <property name="os.arch" value="aarch64"/>
    <property name="git.commit.user.name" value="Maksim Sasnouski"/>
    <property name="git.commit.id.abbrev" value="5167226"/>
    <property name="java.vm.specification.name" value="Java Virtual Machine Specification"/>
    <property name="PID" value="12395"/>
    <property name="git.commit.id.describe-short" value="5167226"/>
    <property name="CONSOLE_LOG_CHARSET" value="UTF-8"/>
    <property name="git.commit.id.describe" value="5167226"/>
    <property name="catalina.base" value="/private/var/folders/r6/zwlksvgj7457sqf_m45f6c3w0000gn/T/tomcat.0.8158273839064739385"/>
    <property name="native.encoding" value="UTF-8"/>
    <property name="java.library.path" value="/Users/jungkyoungsik/Library/Java/Extensions:/Library/Java/Extensions:/Network/Library/Java/Extensions:/System/Library/Java/Extensions:/usr/lib/java:."/>
    <property name="git.commit.message.short" value="Gradle wrapper files should have correct line endings"/>
    <property name="java.vm.info" value="mixed mode, sharing"/>
    <property name="java.vendor" value="Homebrew"/>
    <property name="java.vm.version" value="17.0.10+0"/>
    <property name="sun.io.unicode.encoding" value="UnicodeBig"/>
    <property name="socksNonProxyHosts" value="local|*.local|169.254/16|*.169.254/16"/>
    <property name="java.class.version" value="61.0"/>
    <property name="git.commit.time" value="2024-02-29T23:35:20+0900"/>
    <property name="git.remote.origin.url" value="https://github.com/spring-projects/spring-petclinic.git"/>
  </properties>
  <testcase name="testFindAll" classname="org.springframework.samples.petclinic.PostgresIntegrationTests" time="0.286">
    <system-out><![CDATA[2024-03-03T23:40:00.477+09:00  INFO 12395 --- [           main] t.c.s.AnnotationConfigContextLoaderUtils : Could not detect default configuration classes for test class [org.springframework.samples.petclinic.PostgresIntegrationTests]: PostgresIntegrationTests does not declare any static, non-private, non-final, nested classes annotated with @Configuration.
2024-03-03T23:40:00.489+09:00  INFO 12395 --- [           main] .b.t.c.SpringBootTestContextBootstrapper : Found @SpringBootConfiguration org.springframework.samples.petclinic.PetClinicApplication for test class org.springframework.samples.petclinic.PostgresIntegrationTests
2024-03-03T23:40:01.355+09:00  INFO 12395 --- [           main] o.t.d.DockerClientProviderStrategy       : Found Docker environment with Docker accessed via Unix socket (/Users/jungkyoungsik/.docker/run/docker.sock)
2024-03-03T23:40:01.359+09:00  INFO 12395 --- [           main] org.testcontainers.DockerClientFactory   : Docker host IP address is localhost
2024-03-03T23:40:01.369+09:00  INFO 12395 --- [           main] org.testcontainers.DockerClientFactory   : Connected to docker: 
  Server Version: 24.0.6
  API Version: 1.43
  Operating System: Docker Desktop
  Total Memory: 3933 MB
2024-03-03T23:40:01.386+09:00  INFO 12395 --- [           main] org.testcontainers.images.PullPolicy     : Image pull policy will be performed by: DefaultPullPolicy()
2024-03-03T23:40:01.388+09:00  INFO 12395 --- [           main] o.t.utility.ImageNameSubstitutor         : Image name substitution will be performed by: DefaultImageNameSubstitutor (composite of 'ConfigurationFileImageNameSubstitutor' and 'PrefixingImageNameSubstitutor')
2024-03-03T23:40:05.908+09:00  INFO 12395 --- [           main] tc.testcontainers/ryuk:0.5.1             : Pulling docker image: testcontainers/ryuk:0.5.1. Please be patient; this may take some time but only needs to be done once.
2024-03-03T23:40:07.028+09:00  INFO 12395 --- [           main] o.t.utility.RegistryAuthLocator          : Credential helper/store (docker-credential-desktop) does not have credentials for https://index.docker.io/v1/
2024-03-03T23:40:09.861+09:00  INFO 12395 --- [eam--1761815518] tc.testcontainers/ryuk:0.5.1             : Starting to pull image
2024-03-03T23:40:09.903+09:00  INFO 12395 --- [eam--1761815518] tc.testcontainers/ryuk:0.5.1             : Pulling image layers:  0 pending,  0 downloaded,  0 extracted, (0 bytes/0 bytes)
2024-03-03T23:40:11.270+09:00  INFO 12395 --- [eam--1761815518] tc.testcontainers/ryuk:0.5.1             : Pulling image layers:  2 pending,  1 downloaded,  0 extracted, (330 KB/? MB)
2024-03-03T23:40:11.437+09:00  INFO 12395 --- [eam--1761815518] tc.testcontainers/ryuk:0.5.1             : Pulling image layers:  1 pending,  2 downloaded,  0 extracted, (4 MB/? MB)
2024-03-03T23:40:11.439+09:00  INFO 12395 --- [eam--1761815518] tc.testcontainers/ryuk:0.5.1             : Pulling image layers:  0 pending,  3 downloaded,  0 extracted, (4 MB/5 MB)
2024-03-03T23:40:11.580+09:00  INFO 12395 --- [eam--1761815518] tc.testcontainers/ryuk:0.5.1             : Pulling image layers:  0 pending,  3 downloaded,  1 extracted, (4 MB/5 MB)
2024-03-03T23:40:11.678+09:00  INFO 12395 --- [eam--1761815518] tc.testcontainers/ryuk:0.5.1             : Pulling image layers:  0 pending,  3 downloaded,  2 extracted, (4 MB/5 MB)
2024-03-03T23:40:11.721+09:00  INFO 12395 --- [eam--1761815518] tc.testcontainers/ryuk:0.5.1             : Pulling image layers:  0 pending,  3 downloaded,  3 extracted, (5 MB/5 MB)
2024-03-03T23:40:11.731+09:00  INFO 12395 --- [eam--1761815518] tc.testcontainers/ryuk:0.5.1             : Pull complete. 3 layers, pulled in 1s (downloaded 5 MB at 5 MB/s)
2024-03-03T23:40:11.731+09:00  INFO 12395 --- [           main] tc.testcontainers/ryuk:0.5.1             : Image testcontainers/ryuk:0.5.1 pull took PT5.818273S
2024-03-03T23:40:11.767+09:00  INFO 12395 --- [           main] tc.testcontainers/ryuk:0.5.1             : Creating container for image: testcontainers/ryuk:0.5.1
2024-03-03T23:40:11.915+09:00  INFO 12395 --- [           main] tc.testcontainers/ryuk:0.5.1             : Container testcontainers/ryuk:0.5.1 is starting: 468da4672c676b810db1a9b5ceefe4c9769d6db30a793d71b64738d6f6d0bf3b
2024-03-03T23:40:12.417+09:00  INFO 12395 --- [           main] tc.testcontainers/ryuk:0.5.1             : Container testcontainers/ryuk:0.5.1 started in PT0.649398S
2024-03-03T23:40:12.428+09:00  INFO 12395 --- [           main] o.t.utility.RyukResourceReaper           : Ryuk started - will monitor and terminate Testcontainers containers on JVM exit
2024-03-03T23:40:12.428+09:00  INFO 12395 --- [           main] org.testcontainers.DockerClientFactory   : Checking the system...
2024-03-03T23:40:12.429+09:00  INFO 12395 --- [           main] org.testcontainers.DockerClientFactory   : ✔︎ Docker server version should be at least 1.6.0
2024-03-03T23:40:12.437+09:00  INFO 12395 --- [           main] o.s.b.d.r.RestartApplicationListener     : Restart disabled due to context in which it is running


              |\      _,,,--,,_
             /,`.-'`'   ._  \-;;,_
  _______ __|,4-  ) )_   .;.(__`'-'__     ___ __    _ ___ _______
 |       | '---''(_/._)-'(_\_)   |   |   |   |  |  | |   |       |
 |    _  |    ___|_     _|       |   |   |   |   |_| |   |       | __ _ _
 |   |_| |   |___  |   | |       |   |   |   |       |   |       | \ \ \ \
 |    ___|    ___| |   | |      _|   |___|   |  _    |   |      _|  \ \ \ \
 |   |   |   |___  |   | |     |_|       |   | | |   |   |     |_    ) ) ) )
 |___|   |_______| |___| |_______|_______|___|_|  |__|___|_______|  / / / /
 ==================================================================/_/_/_/

:: Built with Spring Boot :: 3.2.1


2024-03-03T23:40:12.467+09:00  INFO 12395 --- [           main] o.s.s.p.PostgresIntegrationTests         : Starting PostgresIntegrationTests using Java 17.0.10 with PID 12395 (started by jungkyoungsik in /Users/jungkyoungsik/study/spring-petclinic)
2024-03-03T23:40:12.467+09:00  INFO 12395 --- [           main] o.s.s.p.PostgresIntegrationTests         : The following 1 profile is active: "postgres"
2024-03-03T23:40:12.473+09:00  INFO 12395 --- [           main] .s.b.d.c.l.DockerComposeLifecycleManager : Using Docker Compose file '/Users/jungkyoungsik/study/spring-petclinic/docker-compose.yml'
2024-03-03T23:40:13.915+09:00  INFO 12395 --- [utReader-stderr] o.s.boot.docker.compose.core.DockerCli   :  postgres Pulling 
2024-03-03T23:40:17.224+09:00  INFO 12395 --- [utReader-stderr] o.s.boot.docker.compose.core.DockerCli   :  25d3892798f8 Already exists 
2024-03-03T23:40:17.233+09:00  INFO 12395 --- [utReader-stderr] o.s.boot.docker.compose.core.DockerCli   :  77c2305dd978 Pulling fs layer 
2024-03-03T23:40:17.233+09:00  INFO 12395 --- [utReader-stderr] o.s.boot.docker.compose.core.DockerCli   :  54c99c28f11f Pulling fs layer 
2024-03-03T23:40:17.233+09:00  INFO 12395 --- [utReader-stderr] o.s.boot.docker.compose.core.DockerCli   :  5feeada49781 Pulling fs layer 
2024-03-03T23:40:17.233+09:00  INFO 12395 --- [utReader-stderr] o.s.boot.docker.compose.core.DockerCli   :  6baaea6e6673 Pulling fs layer 
2024-03-03T23:40:17.234+09:00  INFO 12395 --- [utReader-stderr] o.s.boot.docker.compose.core.DockerCli   :  c1dcdf0cbea0 Pulling fs layer 
2024-03-03T23:40:17.234+09:00  INFO 12395 --- [utReader-stderr] o.s.boot.docker.compose.core.DockerCli   :  3bb7d395f8d0 Pulling fs layer 
2024-03-03T23:40:17.234+09:00  INFO 12395 --- [utReader-stderr] o.s.boot.docker.compose.core.DockerCli   :  6047577c3718 Pulling fs layer 
2024-03-03T23:40:17.234+09:00  INFO 12395 --- [utReader-stderr] o.s.boot.docker.compose.core.DockerCli   :  8ed018982a51 Pulling fs layer 
2024-03-03T23:40:17.234+09:00  INFO 12395 --- [utReader-stderr] o.s.boot.docker.compose.core.DockerCli   :  fb65ed462c91 Pulling fs layer 
2024-03-03T23:40:17.234+09:00  INFO 12395 --- [utReader-stderr] o.s.boot.docker.compose.core.DockerCli   :  b35a9480be59 Pulling fs layer 
2024-03-03T23:40:17.234+09:00  INFO 12395 --- [utReader-stderr] o.s.boot.docker.compose.core.DockerCli   :  f97566042540 Pulling fs layer 
2024-03-03T23:40:17.234+09:00  INFO 12395 --- [utReader-stderr] o.s.boot.docker.compose.core.DockerCli   :  5e841a787a8b Pulling fs layer 
2024-03-03T23:40:17.234+09:00  INFO 12395 --- [utReader-stderr] o.s.boot.docker.compose.core.DockerCli   :  c5dd3ef301ac Pulling fs layer 
2024-03-03T23:40:17.234+09:00  INFO 12395 --- [utReader-stderr] o.s.boot.docker.compose.core.DockerCli   :  3bb7d395f8d0 Waiting 
2024-03-03T23:40:17.234+09:00  INFO 12395 --- [utReader-stderr] o.s.boot.docker.compose.core.DockerCli   :  6047577c3718 Waiting 
2024-03-03T23:40:17.234+09:00  INFO 12395 --- [utReader-stderr] o.s.boot.docker.compose.core.DockerCli   :  8ed018982a51 Waiting 
2024-03-03T23:40:17.235+09:00  INFO 12395 --- [utReader-stderr] o.s.boot.docker.compose.core.DockerCli   :  fb65ed462c91 Waiting 
2024-03-03T23:40:17.235+09:00  INFO 12395 --- [utReader-stderr] o.s.boot.docker.compose.core.DockerCli   :  b35a9480be59 Waiting 
2024-03-03T23:40:17.235+09:00  INFO 12395 --- [utReader-stderr] o.s.boot.docker.compose.core.DockerCli   :  6baaea6e6673 Waiting 
2024-03-03T23:40:17.235+09:00  INFO 12395 --- [utReader-stderr] o.s.boot.docker.compose.core.DockerCli   :  f97566042540 Waiting 
2024-03-03T23:40:17.235+09:00  INFO 12395 --- [utReader-stderr] o.s.boot.docker.compose.core.DockerCli   :  c1dcdf0cbea0 Waiting 
2024-03-03T23:40:17.235+09:00  INFO 12395 --- [utReader-stderr] o.s.boot.docker.compose.core.DockerCli   :  5e841a787a8b Waiting 
2024-03-03T23:40:17.235+09:00  INFO 12395 --- [utReader-stderr] o.s.boot.docker.compose.core.DockerCli   :  c5dd3ef301ac Waiting 
2024-03-03T23:40:17.860+09:00  INFO 12395 --- [utReader-stderr] o.s.boot.docker.compose.core.DockerCli   :  5feeada49781 Downloading [>                                                  ]  14.41kB/1.381MB
2024-03-03T23:40:17.904+09:00  INFO 12395 --- [utReader-stderr] o.s.boot.docker.compose.core.DockerCli   :  54c99c28f11f Downloading [>                                                  ]  45.72kB/4.499MB
2024-03-03T23:40:17.950+09:00  INFO 12395 --- [utReader-stderr] o.s.boot.docker.compose.core.DockerCli   :  5feeada49781 Verifying Checksum 
2024-03-03T23:40:17.951+09:00  INFO 12395 --- [utReader-stderr] o.s.boot.docker.compose.core.DockerCli   :  5feeada49781 Download complete 
2024-03-03T23:40:18.061+09:00  INFO 12395 --- [utReader-stderr] o.s.boot.docker.compose.core.DockerCli   :  77c2305dd978 Downloading [===============================>                   ]     733B/1.165kB
2024-03-03T23:40:18.061+09:00  INFO 12395 --- [utReader-stderr] o.s.boot.docker.compose.core.DockerCli   :  77c2305dd978 Downloading [==================================================>]  1.165kB/1.165kB
2024-03-03T23:40:18.061+09:00  INFO 12395 --- [utReader-stderr] o.s.boot.docker.compose.core.DockerCli   :  77c2305dd978 Download complete 
2024-03-03T23:40:18.061+09:00  INFO 12395 --- [utReader-stderr] o.s.boot.docker.compose.core.DockerCli   :  77c2305dd978 Extracting [==================================================>]  1.165kB/1.165kB
2024-03-03T23:40:18.062+09:00  INFO 12395 --- [utReader-stderr] o.s.boot.docker.compose.core.DockerCli   :  77c2305dd978 Extracting [==================================================>]  1.165kB/1.165kB
2024-03-03T23:40:18.083+09:00  INFO 12395 --- [utReader-stderr] o.s.boot.docker.compose.core.DockerCli   :  77c2305dd978 Pull complete 
2024-03-03T23:40:18.184+09:00  INFO 12395 --- [utReader-stderr] o.s.boot.docker.compose.core.DockerCli   :  54c99c28f11f Downloading [====>                                              ]  396.5kB/4.499MB
2024-03-03T23:40:18.265+09:00  INFO 12395 --- [utReader-stderr] o.s.boot.docker.compose.core.DockerCli   :  54c99c28f11f Verifying Checksum 
2024-03-03T23:40:18.265+09:00  INFO 12395 --- [utReader-stderr] o.s.boot.docker.compose.core.DockerCli   :  54c99c28f11f Download complete 
2024-03-03T23:40:18.266+09:00  INFO 12395 --- [utReader-stderr] o.s.boot.docker.compose.core.DockerCli   :  54c99c28f11f Extracting [>                                                  ]  65.54kB/4.499MB
2024-03-03T23:40:18.376+09:00  INFO 12395 --- [utReader-stderr] o.s.boot.docker.compose.core.DockerCli   :  54c99c28f11f Extracting [==================================================>]  4.499MB/4.499MB
2024-03-03T23:40:18.426+09:00  INFO 12395 --- [utReader-stderr] o.s.boot.docker.compose.core.DockerCli   :  54c99c28f11f Pull complete 
2024-03-03T23:40:18.427+09:00  INFO 12395 --- [utReader-stderr] o.s.boot.docker.compose.core.DockerCli   :  5feeada49781 Extracting [=>                                                 ]  32.77kB/1.381MB
2024-03-03T23:40:18.450+09:00  INFO 12395 --- [utReader-stderr] o.s.boot.docker.compose.core.DockerCli   :  5feeada49781 Extracting [==================================================>]  1.381MB/1.381MB
2024-03-03T23:40:18.461+09:00  INFO 12395 --- [utReader-stderr] o.s.boot.docker.compose.core.DockerCli   :  5feeada49781 Pull complete 
2024-03-03T23:40:18.581+09:00  INFO 12395 --- [utReader-stderr] o.s.boot.docker.compose.core.DockerCli   :  6baaea6e6673 Downloading [>                                                  ]  81.71kB/8.069MB
2024-03-03T23:40:18.689+09:00  INFO 12395 --- [utReader-stderr] o.s.boot.docker.compose.core.DockerCli   :  6baaea6e6673 Downloading [==========>                                        ]  1.649MB/8.069MB
2024-03-03T23:40:18.766+09:00  INFO 12395 --- [utReader-stderr] o.s.boot.docker.compose.core.DockerCli   :  c1dcdf0cbea0 Downloading [>                                                  ]  12.32kB/1.108MB
2024-03-03T23:40:18.823+09:00  INFO 12395 --- [utReader-stderr] o.s.boot.docker.compose.core.DockerCli   :  6baaea6e6673 Downloading [============================>                      ]  4.631MB/8.069MB
2024-03-03T23:40:18.867+09:00  INFO 12395 --- [utReader-stderr] o.s.boot.docker.compose.core.DockerCli   :  c1dcdf0cbea0 Downloading [=========================>                         ]  557.1kB/1.108MB
2024-03-03T23:40:18.885+09:00  INFO 12395 --- [utReader-stderr] o.s.boot.docker.compose.core.DockerCli   :  c1dcdf0cbea0 Verifying Checksum 
2024-03-03T23:40:18.885+09:00  INFO 12395 --- [utReader-stderr] o.s.boot.docker.compose.core.DockerCli   :  c1dcdf0cbea0 Download complete 
2024-03-03T23:40:18.923+09:00  INFO 12395 --- [utReader-stderr] o.s.boot.docker.compose.core.DockerCli   :  6baaea6e6673 Downloading [============================================>      ]   7.15MB/8.069MB
2024-03-03T23:40:18.949+09:00  INFO 12395 --- [utReader-stderr] o.s.boot.docker.compose.core.DockerCli   :  6baaea6e6673 Verifying Checksum 
2024-03-03T23:40:18.950+09:00  INFO 12395 --- [utReader-stderr] o.s.boot.docker.compose.core.DockerCli   :  6baaea6e6673 Download complete 
2024-03-03T23:40:18.950+09:00  INFO 12395 --- [utReader-stderr] o.s.boot.docker.compose.core.DockerCli   :  6baaea6e6673 Extracting [>                                                  ]   98.3kB/8.069MB
2024-03-03T23:40:19.051+09:00  INFO 12395 --- [utReader-stderr] o.s.boot.docker.compose.core.DockerCli   :  6baaea6e6673 Extracting [====================>                              ]  3.244MB/8.069MB
2024-03-03T23:40:19.152+09:00  INFO 12395 --- [utReader-stderr] o.s.boot.docker.compose.core.DockerCli   :  6baaea6e6673 Extracting [===============================>                   ]  5.014MB/8.069MB
2024-03-03T23:40:19.253+09:00  INFO 12395 --- [utReader-stderr] o.s.boot.docker.compose.core.DockerCli   :  6baaea6e6673 Extracting [==========================================>        ]  6.881MB/8.069MB
2024-03-03T23:40:19.286+09:00  INFO 12395 --- [utReader-stderr] o.s.boot.docker.compose.core.DockerCli   :  6baaea6e6673 Extracting [==================================================>]  8.069MB/8.069MB
2024-03-03T23:40:19.310+09:00  INFO 12395 --- [utReader-stderr] o.s.boot.docker.compose.core.DockerCli   :  6baaea6e6673 Pull complete 
2024-03-03T23:40:19.312+09:00  INFO 12395 --- [utReader-stderr] o.s.boot.docker.compose.core.DockerCli   :  c1dcdf0cbea0 Extracting [=>                                                 ]  32.77kB/1.108MB
2024-03-03T23:40:19.337+09:00  INFO 12395 --- [utReader-stderr] o.s.boot.docker.compose.core.DockerCli   :  c1dcdf0cbea0 Extracting [==================================================>]  1.108MB/1.108MB
2024-03-03T23:40:19.341+09:00  INFO 12395 --- [utReader-stderr] o.s.boot.docker.compose.core.DockerCli   :  c1dcdf0cbea0 Extracting [==================================================>]  1.108MB/1.108MB
2024-03-03T23:40:19.368+09:00  INFO 12395 --- [utReader-stderr] o.s.boot.docker.compose.core.DockerCli   :  c1dcdf0cbea0 Pull complete 
2024-03-03T23:40:19.507+09:00  INFO 12395 --- [utReader-stderr] o.s.boot.docker.compose.core.DockerCli   :  6047577c3718 Downloading [===========>                                       ]     720B/3.14kB
2024-03-03T23:40:19.507+09:00  INFO 12395 --- [utReader-stderr] o.s.boot.docker.compose.core.DockerCli   :  6047577c3718 Downloading [==================================================>]   3.14kB/3.14kB
2024-03-03T23:40:19.507+09:00  INFO 12395 --- [utReader-stderr] o.s.boot.docker.compose.core.DockerCli   :  6047577c3718 Verifying Checksum 
2024-03-03T23:40:19.507+09:00  INFO 12395 --- [utReader-stderr] o.s.boot.docker.compose.core.DockerCli   :  6047577c3718 Download complete 
2024-03-03T23:40:19.588+09:00  INFO 12395 --- [utReader-stderr] o.s.boot.docker.compose.core.DockerCli   :  8ed018982a51 Downloading [>                                                  ]  539.9kB/106.9MB
2024-03-03T23:40:19.704+09:00  INFO 12395 --- [utReader-stderr] o.s.boot.docker.compose.core.DockerCli   :  8ed018982a51 Downloading [=>                                                 ]  3.762MB/106.9MB
2024-03-03T23:40:19.808+09:00  INFO 12395 --- [utReader-stderr] o.s.boot.docker.compose.core.DockerCli   :  8ed018982a51 Downloading [==>                                                ]   5.38MB/106.9MB
2024-03-03T23:40:19.921+09:00  INFO 12395 --- [utReader-stderr] o.s.boot.docker.compose.core.DockerCli   :  8ed018982a51 Downloading [====>                                              ]  9.145MB/106.9MB
2024-03-03T23:40:20.025+09:00  INFO 12395 --- [utReader-stderr] o.s.boot.docker.compose.core.DockerCli   :  8ed018982a51 Downloading [=====>                                             ]  11.83MB/106.9MB
2024-03-03T23:40:20.133+09:00  INFO 12395 --- [utReader-stderr] o.s.boot.docker.compose.core.DockerCli   :  8ed018982a51 Downloading [=======>                                           ]  15.05MB/106.9MB
2024-03-03T23:40:20.235+09:00  INFO 12395 --- [utReader-stderr] o.s.boot.docker.compose.core.DockerCli   :  8ed018982a51 Downloading [========>                                          ]   18.8MB/106.9MB
2024-03-03T23:40:20.342+09:00  INFO 12395 --- [utReader-stderr] o.s.boot.docker.compose.core.DockerCli   :  8ed018982a51 Downloading [==========>                                        ]  22.03MB/106.9MB
2024-03-03T23:40:20.395+09:00  INFO 12395 --- [utReader-stderr] o.s.boot.docker.compose.core.DockerCli   :  fb65ed462c91 Downloading [===>                                               ]     733B/9.927kB
2024-03-03T23:40:20.397+09:00  INFO 12395 --- [utReader-stderr] o.s.boot.docker.compose.core.DockerCli   :  fb65ed462c91 Downloading [==================================================>]  9.927kB/9.927kB
2024-03-03T23:40:20.397+09:00  INFO 12395 --- [utReader-stderr] o.s.boot.docker.compose.core.DockerCli   :  fb65ed462c91 Verifying Checksum 
2024-03-03T23:40:20.397+09:00  INFO 12395 --- [utReader-stderr] o.s.boot.docker.compose.core.DockerCli   :  fb65ed462c91 Download complete 
2024-03-03T23:40:20.443+09:00  INFO 12395 --- [utReader-stderr] o.s.boot.docker.compose.core.DockerCli   :  8ed018982a51 Downloading [===========>                                       ]  25.25MB/106.9MB
2024-03-03T23:40:20.552+09:00  INFO 12395 --- [utReader-stderr] o.s.boot.docker.compose.core.DockerCli   :  8ed018982a51 Downloading [=============>                                     ]  29.03MB/106.9MB
2024-03-03T23:40:20.657+09:00  INFO 12395 --- [utReader-stderr] o.s.boot.docker.compose.core.DockerCli   :  8ed018982a51 Downloading [===============>                                   ]  32.25MB/106.9MB
2024-03-03T23:40:20.756+09:00  INFO 12395 --- [utReader-stderr] o.s.boot.docker.compose.core.DockerCli   :  8ed018982a51 Downloading [================>                                  ]  35.49MB/106.9MB
2024-03-03T23:40:20.867+09:00  INFO 12395 --- [utReader-stderr] o.s.boot.docker.compose.core.DockerCli   :  8ed018982a51 Downloading [=================>                                 ]  38.17MB/106.9MB
2024-03-03T23:40:20.982+09:00  INFO 12395 --- [utReader-stderr] o.s.boot.docker.compose.core.DockerCli   :  8ed018982a51 Downloading [===================>                               ]  41.95MB/106.9MB
2024-03-03T23:40:21.085+09:00  INFO 12395 --- [utReader-stderr] o.s.boot.docker.compose.core.DockerCli   :  8ed018982a51 Downloading [=====================>                             ]  45.15MB/106.9MB
2024-03-03T23:40:21.212+09:00  INFO 12395 --- [utReader-stderr] o.s.boot.docker.compose.core.DockerCli   :  8ed018982a51 Downloading [======================>                            ]  48.37MB/106.9MB
2024-03-03T23:40:21.223+09:00  INFO 12395 --- [utReader-stderr] o.s.boot.docker.compose.core.DockerCli   :  b35a9480be59 Downloading [==================================================>]     129B/129B
2024-03-03T23:40:21.223+09:00  INFO 12395 --- [utReader-stderr] o.s.boot.docker.compose.core.DockerCli   :  b35a9480be59 Verifying Checksum 
2024-03-03T23:40:21.223+09:00  INFO 12395 --- [utReader-stderr] o.s.boot.docker.compose.core.DockerCli   :  b35a9480be59 Download complete 
2024-03-03T23:40:21.317+09:00  INFO 12395 --- [utReader-stderr] o.s.boot.docker.compose.core.DockerCli   :  8ed018982a51 Downloading [========================>                          ]  52.14MB/106.9MB
2024-03-03T23:40:21.419+09:00  INFO 12395 --- [utReader-stderr] o.s.boot.docker.compose.core.DockerCli   :  8ed018982a51 Downloading [=========================>                         ]  54.84MB/106.9MB
2024-03-03T23:40:21.521+09:00  INFO 12395 --- [utReader-stderr] o.s.boot.docker.compose.core.DockerCli   :  8ed018982a51 Downloading [==========================>                        ]  56.98MB/106.9MB
2024-03-03T23:40:21.622+09:00  INFO 12395 --- [utReader-stderr] o.s.boot.docker.compose.core.DockerCli   :  8ed018982a51 Downloading [============================>                      ]  61.29MB/106.9MB
2024-03-03T23:40:21.728+09:00  INFO 12395 --- [utReader-stderr] o.s.boot.docker.compose.core.DockerCli   :  8ed018982a51 Downloading [==============================>                    ]  64.51MB/106.9MB
2024-03-03T23:40:21.842+09:00  INFO 12395 --- [utReader-stderr] o.s.boot.docker.compose.core.DockerCli   :  8ed018982a51 Downloading [===============================>                   ]  67.73MB/106.9MB
2024-03-03T23:40:21.937+09:00  INFO 12395 --- [utReader-stderr] o.s.boot.docker.compose.core.DockerCli   :  f97566042540 Downloading [==================================================>]     169B/169B
2024-03-03T23:40:21.937+09:00  INFO 12395 --- [utReader-stderr] o.s.boot.docker.compose.core.DockerCli   :  f97566042540 Verifying Checksum 
2024-03-03T23:40:21.938+09:00  INFO 12395 --- [utReader-stderr] o.s.boot.docker.compose.core.DockerCli   :  f97566042540 Download complete 
2024-03-03T23:40:21.946+09:00  INFO 12395 --- [utReader-stderr] o.s.boot.docker.compose.core.DockerCli   :  8ed018982a51 Downloading [================================>                  ]  70.41MB/106.9MB
2024-03-03T23:40:22.055+09:00  INFO 12395 --- [utReader-stderr] o.s.boot.docker.compose.core.DockerCli   :  8ed018982a51 Downloading [==================================>                ]   73.6MB/106.9MB
2024-03-03T23:40:22.168+09:00  INFO 12395 --- [utReader-stderr] o.s.boot.docker.compose.core.DockerCli   :  8ed018982a51 Downloading [====================================>              ]  77.35MB/106.9MB
2024-03-03T23:40:22.278+09:00  INFO 12395 --- [utReader-stderr] o.s.boot.docker.compose.core.DockerCli   :  8ed018982a51 Downloading [=====================================>             ]  80.57MB/106.9MB
2024-03-03T23:40:22.378+09:00  INFO 12395 --- [utReader-stderr] o.s.boot.docker.compose.core.DockerCli   :  8ed018982a51 Downloading [=======================================>           ]  83.78MB/106.9MB
2024-03-03T23:40:22.492+09:00  INFO 12395 --- [utReader-stderr] o.s.boot.docker.compose.core.DockerCli   :  8ed018982a51 Downloading [========================================>          ]  86.98MB/106.9MB
2024-03-03T23:40:22.599+09:00  INFO 12395 --- [utReader-stderr] o.s.boot.docker.compose.core.DockerCli   :  8ed018982a51 Downloading [=========================================>         ]  89.12MB/106.9MB
2024-03-03T23:40:22.763+09:00  INFO 12395 --- [utReader-stderr] o.s.boot.docker.compose.core.DockerCli   :  8ed018982a51 Downloading [===========================================>       ]  92.87MB/106.9MB
2024-03-03T23:40:22.820+09:00  INFO 12395 --- [utReader-stderr] o.s.boot.docker.compose.core.DockerCli   :  5e841a787a8b Downloading [======>                                            ]     733B/5.421kB
2024-03-03T23:40:22.831+09:00  INFO 12395 --- [utReader-stderr] o.s.boot.docker.compose.core.DockerCli   :  5e841a787a8b Downloading [==================================================>]  5.421kB/5.421kB
2024-03-03T23:40:22.832+09:00  INFO 12395 --- [utReader-stderr] o.s.boot.docker.compose.core.DockerCli   :  5e841a787a8b Verifying Checksum 
2024-03-03T23:40:22.832+09:00  INFO 12395 --- [utReader-stderr] o.s.boot.docker.compose.core.DockerCli   :  5e841a787a8b Download complete 
2024-03-03T23:40:22.885+09:00  INFO 12395 --- [utReader-stderr] o.s.boot.docker.compose.core.DockerCli   :  8ed018982a51 Downloading [============================================>      ]  96.07MB/106.9MB
2024-03-03T23:40:22.985+09:00  INFO 12395 --- [utReader-stderr] o.s.boot.docker.compose.core.DockerCli   :  8ed018982a51 Downloading [=============================================>     ]  98.23MB/106.9MB
2024-03-03T23:40:23.101+09:00  INFO 12395 --- [utReader-stderr] o.s.boot.docker.compose.core.DockerCli   :  8ed018982a51 Downloading [===============================================>   ]  101.4MB/106.9MB
2024-03-03T23:40:23.212+09:00  INFO 12395 --- [utReader-stderr] o.s.boot.docker.compose.core.DockerCli   :  8ed018982a51 Downloading [================================================>  ]  104.1MB/106.9MB
2024-03-03T23:40:23.315+09:00  INFO 12395 --- [utReader-stderr] o.s.boot.docker.compose.core.DockerCli   :  8ed018982a51 Downloading [=================================================> ]  106.8MB/106.9MB
2024-03-03T23:40:23.318+09:00  INFO 12395 --- [utReader-stderr] o.s.boot.docker.compose.core.DockerCli   :  8ed018982a51 Verifying Checksum 
2024-03-03T23:40:23.318+09:00  INFO 12395 --- [utReader-stderr] o.s.boot.docker.compose.core.DockerCli   :  8ed018982a51 Download complete 
2024-03-03T23:40:23.484+09:00  INFO 12395 --- [utReader-stderr] o.s.boot.docker.compose.core.DockerCli   :  c5dd3ef301ac Downloading [==================================================>]     183B/183B
2024-03-03T23:40:23.484+09:00  INFO 12395 --- [utReader-stderr] o.s.boot.docker.compose.core.DockerCli   :  c5dd3ef301ac Verifying Checksum 
2024-03-03T23:40:23.484+09:00  INFO 12395 --- [utReader-stderr] o.s.boot.docker.compose.core.DockerCli   :  c5dd3ef301ac Download complete 
2024-03-03T23:40:49.502+09:00  INFO 12395 --- [utReader-stderr] o.s.boot.docker.compose.core.DockerCli   :  3bb7d395f8d0 Verifying Checksum 
2024-03-03T23:40:49.503+09:00  INFO 12395 --- [utReader-stderr] o.s.boot.docker.compose.core.DockerCli   :  3bb7d395f8d0 Download complete 
2024-03-03T23:40:49.503+09:00  INFO 12395 --- [utReader-stderr] o.s.boot.docker.compose.core.DockerCli   :  3bb7d395f8d0 Extracting     116B
2024-03-03T23:40:49.522+09:00  INFO 12395 --- [utReader-stderr] o.s.boot.docker.compose.core.DockerCli   :  3bb7d395f8d0 Pull complete 
2024-03-03T23:40:49.526+09:00  INFO 12395 --- [utReader-stderr] o.s.boot.docker.compose.core.DockerCli   :  6047577c3718 Extracting [==================================================>]   3.14kB/3.14kB
2024-03-03T23:40:49.527+09:00  INFO 12395 --- [utReader-stderr] o.s.boot.docker.compose.core.DockerCli   :  6047577c3718 Extracting [==================================================>]   3.14kB/3.14kB
2024-03-03T23:40:49.539+09:00  INFO 12395 --- [utReader-stderr] o.s.boot.docker.compose.core.DockerCli   :  6047577c3718 Pull complete 
2024-03-03T23:40:49.603+09:00  INFO 12395 --- [utReader-stderr] o.s.boot.docker.compose.core.DockerCli   :  8ed018982a51 Extracting [>                                                  ]  557.1kB/106.9MB
2024-03-03T23:40:49.705+09:00  INFO 12395 --- [utReader-stderr] o.s.boot.docker.compose.core.DockerCli   :  8ed018982a51 Extracting [=>                                                 ]  3.899MB/106.9MB
2024-03-03T23:40:49.820+09:00  INFO 12395 --- [utReader-stderr] o.s.boot.docker.compose.core.DockerCli   :  8ed018982a51 Extracting [=====>                                             ]  12.26MB/106.9MB
2024-03-03T23:40:49.915+09:00  INFO 12395 --- [utReader-stderr] o.s.boot.docker.compose.core.DockerCli   :  8ed018982a51 Extracting [=========>                                         ]  20.05MB/106.9MB
2024-03-03T23:40:50.020+09:00  INFO 12395 --- [utReader-stderr] o.s.boot.docker.compose.core.DockerCli   :  8ed018982a51 Extracting [=============>                                     ]  27.85MB/106.9MB
2024-03-03T23:40:50.123+09:00  INFO 12395 --- [utReader-stderr] o.s.boot.docker.compose.core.DockerCli   :  8ed018982a51 Extracting [==============>                                    ]  30.64MB/106.9MB
2024-03-03T23:40:50.233+09:00  INFO 12395 --- [utReader-stderr] o.s.boot.docker.compose.core.DockerCli   :  8ed018982a51 Extracting [================>                                  ]  35.09MB/106.9MB
2024-03-03T23:40:50.339+09:00  INFO 12395 --- [utReader-stderr] o.s.boot.docker.compose.core.DockerCli   :  8ed018982a51 Extracting [===================>                               ]  42.34MB/106.9MB
2024-03-03T23:40:50.443+09:00  INFO 12395 --- [utReader-stderr] o.s.boot.docker.compose.core.DockerCli   :  8ed018982a51 Extracting [=======================>                           ]  50.14MB/106.9MB
2024-03-03T23:40:50.549+09:00  INFO 12395 --- [utReader-stderr] o.s.boot.docker.compose.core.DockerCli   :  8ed018982a51 Extracting [==========================>                        ]  56.82MB/106.9MB
2024-03-03T23:40:50.654+09:00  INFO 12395 --- [utReader-stderr] o.s.boot.docker.compose.core.DockerCli   :  8ed018982a51 Extracting [==============================>                    ]  64.62MB/106.9MB
2024-03-03T23:40:50.757+09:00  INFO 12395 --- [utReader-stderr] o.s.boot.docker.compose.core.DockerCli   :  8ed018982a51 Extracting [===============================>                   ]  67.96MB/106.9MB
2024-03-03T23:40:50.860+09:00  INFO 12395 --- [utReader-stderr] o.s.boot.docker.compose.core.DockerCli   :  8ed018982a51 Extracting [=================================>                 ]  70.75MB/106.9MB
2024-03-03T23:40:50.965+09:00  INFO 12395 --- [utReader-stderr] o.s.boot.docker.compose.core.DockerCli   :  8ed018982a51 Extracting [=================================>                 ]  72.42MB/106.9MB
2024-03-03T23:40:51.075+09:00  INFO 12395 --- [utReader-stderr] o.s.boot.docker.compose.core.DockerCli   :  8ed018982a51 Extracting [====================================>              ]  78.54MB/106.9MB
2024-03-03T23:40:51.185+09:00  INFO 12395 --- [utReader-stderr] o.s.boot.docker.compose.core.DockerCli   :  8ed018982a51 Extracting [======================================>            ]  81.33MB/106.9MB
2024-03-03T23:40:51.286+09:00  INFO 12395 --- [utReader-stderr] o.s.boot.docker.compose.core.DockerCli   :  8ed018982a51 Extracting [=======================================>           ]  85.23MB/106.9MB
2024-03-03T23:40:51.392+09:00  INFO 12395 --- [utReader-stderr] o.s.boot.docker.compose.core.DockerCli   :  8ed018982a51 Extracting [=========================================>         ]  89.13MB/106.9MB
2024-03-03T23:40:51.511+09:00  INFO 12395 --- [utReader-stderr] o.s.boot.docker.compose.core.DockerCli   :  8ed018982a51 Extracting [===========================================>       ]  93.59MB/106.9MB
2024-03-03T23:40:51.621+09:00  INFO 12395 --- [utReader-stderr] o.s.boot.docker.compose.core.DockerCli   :  8ed018982a51 Extracting [=============================================>     ]  96.37MB/106.9MB
2024-03-03T23:40:51.732+09:00  INFO 12395 --- [utReader-stderr] o.s.boot.docker.compose.core.DockerCli   :  8ed018982a51 Extracting [==============================================>    ]  99.71MB/106.9MB
2024-03-03T23:40:51.834+09:00  INFO 12395 --- [utReader-stderr] o.s.boot.docker.compose.core.DockerCli   :  8ed018982a51 Extracting [===============================================>   ]  101.4MB/106.9MB
2024-03-03T23:40:51.967+09:00  INFO 12395 --- [utReader-stderr] o.s.boot.docker.compose.core.DockerCli   :  8ed018982a51 Extracting [================================================>  ]  103.1MB/106.9MB
2024-03-03T23:40:52.090+09:00  INFO 12395 --- [utReader-stderr] o.s.boot.docker.compose.core.DockerCli   :  8ed018982a51 Extracting [================================================>  ]  104.7MB/106.9MB
2024-03-03T23:40:52.293+09:00  INFO 12395 --- [utReader-stderr] o.s.boot.docker.compose.core.DockerCli   :  8ed018982a51 Extracting [=================================================> ]  105.3MB/106.9MB
2024-03-03T23:40:52.441+09:00  INFO 12395 --- [utReader-stderr] o.s.boot.docker.compose.core.DockerCli   :  8ed018982a51 Extracting [=================================================> ]  106.4MB/106.9MB
2024-03-03T23:40:52.487+09:00  INFO 12395 --- [utReader-stderr] o.s.boot.docker.compose.core.DockerCli   :  8ed018982a51 Extracting [==================================================>]  106.9MB/106.9MB
2024-03-03T23:40:52.555+09:00  INFO 12395 --- [utReader-stderr] o.s.boot.docker.compose.core.DockerCli   :  8ed018982a51 Pull complete 
2024-03-03T23:40:52.557+09:00  INFO 12395 --- [utReader-stderr] o.s.boot.docker.compose.core.DockerCli   :  fb65ed462c91 Extracting [==================================================>]  9.927kB/9.927kB
2024-03-03T23:40:52.557+09:00  INFO 12395 --- [utReader-stderr] o.s.boot.docker.compose.core.DockerCli   :  fb65ed462c91 Extracting [==================================================>]  9.927kB/9.927kB
2024-03-03T23:40:52.565+09:00  INFO 12395 --- [utReader-stderr] o.s.boot.docker.compose.core.DockerCli   :  fb65ed462c91 Pull complete 
2024-03-03T23:40:52.566+09:00  INFO 12395 --- [utReader-stderr] o.s.boot.docker.compose.core.DockerCli   :  b35a9480be59 Extracting [==================================================>]     129B/129B
2024-03-03T23:40:52.566+09:00  INFO 12395 --- [utReader-stderr] o.s.boot.docker.compose.core.DockerCli   :  b35a9480be59 Extracting [==================================================>]     129B/129B
2024-03-03T23:40:52.571+09:00  INFO 12395 --- [utReader-stderr] o.s.boot.docker.compose.core.DockerCli   :  b35a9480be59 Pull complete 
2024-03-03T23:40:52.572+09:00  INFO 12395 --- [utReader-stderr] o.s.boot.docker.compose.core.DockerCli   :  f97566042540 Extracting [==================================================>]     169B/169B
2024-03-03T23:40:52.572+09:00  INFO 12395 --- [utReader-stderr] o.s.boot.docker.compose.core.DockerCli   :  f97566042540 Extracting [==================================================>]     169B/169B
2024-03-03T23:40:52.577+09:00  INFO 12395 --- [utReader-stderr] o.s.boot.docker.compose.core.DockerCli   :  f97566042540 Pull complete 
2024-03-03T23:40:52.579+09:00  INFO 12395 --- [utReader-stderr] o.s.boot.docker.compose.core.DockerCli   :  5e841a787a8b Extracting [==================================================>]  5.421kB/5.421kB
2024-03-03T23:40:52.579+09:00  INFO 12395 --- [utReader-stderr] o.s.boot.docker.compose.core.DockerCli   :  5e841a787a8b Extracting [==================================================>]  5.421kB/5.421kB
2024-03-03T23:40:52.585+09:00  INFO 12395 --- [utReader-stderr] o.s.boot.docker.compose.core.DockerCli   :  5e841a787a8b Pull complete 
2024-03-03T23:40:52.586+09:00  INFO 12395 --- [utReader-stderr] o.s.boot.docker.compose.core.DockerCli   :  c5dd3ef301ac Extracting [==================================================>]     183B/183B
2024-03-03T23:40:52.586+09:00  INFO 12395 --- [utReader-stderr] o.s.boot.docker.compose.core.DockerCli   :  c5dd3ef301ac Extracting [==================================================>]     183B/183B
2024-03-03T23:40:52.595+09:00  INFO 12395 --- [utReader-stderr] o.s.boot.docker.compose.core.DockerCli   :  c5dd3ef301ac Pull complete 
2024-03-03T23:40:52.606+09:00  INFO 12395 --- [utReader-stderr] o.s.boot.docker.compose.core.DockerCli   :  postgres Pulled 
2024-03-03T23:40:52.661+09:00  INFO 12395 --- [utReader-stderr] o.s.boot.docker.compose.core.DockerCli   :  Network spring-petclinic_default  Creating
2024-03-03T23:40:52.701+09:00  INFO 12395 --- [utReader-stderr] o.s.boot.docker.compose.core.DockerCli   :  Network spring-petclinic_default  Created
2024-03-03T23:40:52.701+09:00  INFO 12395 --- [utReader-stderr] o.s.boot.docker.compose.core.DockerCli   :  Container spring-petclinic-postgres-1  Creating
2024-03-03T23:40:53.097+09:00  INFO 12395 --- [utReader-stderr] o.s.boot.docker.compose.core.DockerCli   :  Container spring-petclinic-postgres-1  Created
2024-03-03T23:40:53.104+09:00  INFO 12395 --- [utReader-stderr] o.s.boot.docker.compose.core.DockerCli   :  Container spring-petclinic-postgres-1  Starting
2024-03-03T23:40:53.316+09:00  INFO 12395 --- [utReader-stderr] o.s.boot.docker.compose.core.DockerCli   :  Container spring-petclinic-postgres-1  Started
2024-03-03T23:40:53.316+09:00  INFO 12395 --- [utReader-stderr] o.s.boot.docker.compose.core.DockerCli   :  Container spring-petclinic-postgres-1  Waiting
2024-03-03T23:40:53.823+09:00  INFO 12395 --- [utReader-stderr] o.s.boot.docker.compose.core.DockerCli   :  Container spring-petclinic-postgres-1  Healthy
2024-03-03T23:40:55.941+09:00  INFO 12395 --- [           main] .s.d.r.c.RepositoryConfigurationDelegate : Bootstrapping Spring Data JPA repositories in DEFAULT mode.
2024-03-03T23:40:55.990+09:00  INFO 12395 --- [           main] .s.d.r.c.RepositoryConfigurationDelegate : Finished Spring Data repository scanning in 39 ms. Found 2 JPA repository interfaces.
2024-03-03T23:40:56.898+09:00  INFO 12395 --- [           main] o.s.b.w.embedded.tomcat.TomcatWebServer  : Tomcat initialized with port 0 (http)
2024-03-03T23:40:56.915+09:00  INFO 12395 --- [           main] o.apache.catalina.core.StandardService   : Starting service [Tomcat]
2024-03-03T23:40:56.915+09:00  INFO 12395 --- [           main] o.apache.catalina.core.StandardEngine    : Starting Servlet engine: [Apache Tomcat/10.1.17]
2024-03-03T23:40:57.026+09:00  INFO 12395 --- [           main] o.a.c.c.C.[Tomcat].[localhost].[/]       : Initializing Spring embedded WebApplicationContext
2024-03-03T23:40:57.027+09:00  INFO 12395 --- [           main] w.s.c.ServletWebServerApplicationContext : Root WebApplicationContext: initialization completed in 1674 ms
2024-03-03T23:40:57.364+09:00  INFO 12395 --- [           main] com.zaxxer.hikari.HikariDataSource       : HikariPool-1 - Starting...
2024-03-03T23:40:57.649+09:00  INFO 12395 --- [           main] com.zaxxer.hikari.pool.HikariPool        : HikariPool-1 - Added connection org.postgresql.jdbc.PgConnection@18b40a79
2024-03-03T23:40:57.650+09:00  INFO 12395 --- [           main] com.zaxxer.hikari.HikariDataSource       : HikariPool-1 - Start completed.
2024-03-03T23:40:57.906+09:00  INFO 12395 --- [           main] o.hibernate.jpa.internal.util.LogHelper  : HHH000204: Processing PersistenceUnitInfo [name: default]
2024-03-03T23:40:58.002+09:00  INFO 12395 --- [           main] org.hibernate.Version                    : HHH000412: Hibernate ORM core version 6.4.1.Final
2024-03-03T23:40:58.092+09:00  INFO 12395 --- [           main] o.h.c.internal.RegionFactoryInitiator    : HHH000026: Second-level cache disabled
2024-03-03T23:40:58.282+09:00  INFO 12395 --- [           main] o.s.o.j.p.SpringPersistenceUnitInfo      : No LoadTimeWeaver setup: ignoring JPA class transformer
2024-03-03T23:41:00.267+09:00  INFO 12395 --- [           main] o.h.e.t.j.p.i.JtaPlatformInitiator       : HHH000489: No JTA platform available (set 'hibernate.transaction.jta.platform' to enable JTA platform integration)
2024-03-03T23:41:00.271+09:00  INFO 12395 --- [           main] j.LocalContainerEntityManagerFactoryBean : Initialized JPA EntityManagerFactory for persistence unit 'default'
2024-03-03T23:41:00.765+09:00  INFO 12395 --- [           main] o.s.d.j.r.query.QueryEnhancerFactory     : Hibernate is in classpath; If applicable, HQL parser will be used.
2024-03-03T23:41:03.040+09:00  INFO 12395 --- [           main] o.s.b.a.e.web.EndpointLinksResolver      : Exposing 13 endpoint(s) beneath base path '/actuator'
2024-03-03T23:41:03.249+09:00  INFO 12395 --- [           main] o.s.b.w.embedded.tomcat.TomcatWebServer  : Tomcat started on port 56238 (http) with context path ''
2024-03-03T23:41:03.263+09:00  INFO 12395 --- [           main] o.s.s.p.PostgresIntegrationTests         : Started PostgresIntegrationTests in 50.827 seconds (process running for 70.995)
]]></system-out>
  </testcase>
  <testcase name="testOwnerDetails" classname="org.springframework.samples.petclinic.PostgresIntegrationTests" time="0.277">
    <system-out><![CDATA[2024-03-03T23:41:03.743+09:00  INFO 12395 --- [o-auto-1-exec-1] o.a.c.c.C.[Tomcat].[localhost].[/]       : Initializing Spring DispatcherServlet 'dispatcherServlet'
2024-03-03T23:41:03.743+09:00  INFO 12395 --- [o-auto-1-exec-1] o.s.web.servlet.DispatcherServlet        : Initializing Servlet 'dispatcherServlet'
2024-03-03T23:41:03.744+09:00  INFO 12395 --- [o-auto-1-exec-1] o.s.web.servlet.DispatcherServlet        : Completed initialization in 1 ms
]]></system-out>
  </testcase>
</testsuite>